#
# There is insufficient memory for the Java Runtime Environment to continue.
# Native memory allocation (malloc) failed to allocate 1091536 bytes for Chunk::new
# Possible reasons:
#   The system is out of physical RAM or swap space
#   The process is running with CompressedOops enabled, and the Java Heap may be blocking the growth of the native heap
# Possible solutions:
#   Reduce memory load on the system
#   Increase physical memory or swap space
#   Check if swap backing store is full
#   Decrease Java heap size (-Xmx/-Xms)
#   Decrease number of Java threads
#   Decrease Java thread stack sizes (-Xss)
#   Set larger code cache with -XX:ReservedCodeCacheSize=
#   JVM is running with Unscaled Compressed Oops mode in which the Java heap is
#     placed in the first 4GB address space. The Java Heap base address is the
#     maximum limit for the native heap growth. Please use -XX:HeapBaseMinAddress
#     to set the Java Heap base and to place the Java Heap above 4GB virtual address.
# This output file may be truncated or incomplete.
#
#  Out of Memory Error (arena.cpp:189), pid=29168, tid=5384
#
# JRE version: OpenJDK Runtime Environment Zulu17.36+17-CA (17.0.4.1+1) (build 17.0.4.1+1-LTS)
# Java VM: OpenJDK 64-Bit Server VM Zulu17.36+17-CA (17.0.4.1+1-LTS, mixed mode, sharing, tiered, compressed oops, compressed class ptrs, g1 gc, windows-amd64)
# No core dump will be written. Minidumps are not enabled by default on client versions of Windows
#

---------------  S U M M A R Y ------------

Command Line: --add-opens=java.base/java.util=ALL-UNNAMED --add-opens=java.base/java.lang=ALL-UNNAMED --add-opens=java.base/java.lang.invoke=ALL-UNNAMED --add-opens=java.base/java.util=ALL-UNNAMED --add-opens=java.prefs/java.util.prefs=ALL-UNNAMED --add-opens=java.prefs/java.util.prefs=ALL-UNNAMED --add-opens=java.base/java.nio.charset=ALL-UNNAMED --add-opens=java.base/java.net=ALL-UNNAMED --add-opens=java.base/java.util.concurrent.atomic=ALL-UNNAMED -XX:MaxMetaspaceSize=256m -XX:+HeapDumpOnOutOfMemoryError -Xms256m -Xmx512m -Dfile.encoding=windows-1252 -Duser.country=BR -Duser.language=pt -Duser.variant org.gradle.launcher.daemon.bootstrap.GradleDaemon 7.5

Host: Intel(R) Core(TM) i3-5010U CPU @ 2.10GHz, 4 cores, 3G,  Windows 10 , 64 bit Build 19041 (10.0.19041.1889)
Time: Thu Sep 29 17:42:30 2022 Hora oficial do Brasil elapsed time: 1761.339992 seconds (0d 0h 29m 21s)

---------------  T H R E A D  ---------------

Current thread (0x000001644bc65fb0):  JavaThread "C2 CompilerThread0" daemon [_thread_in_native, id=5384, stack(0x0000003126d00000,0x0000003126e00000)]


Current CompileTask:
C2:1761341 11621       4       java.util.Arrays::sort (47 bytes)

Stack: [0x0000003126d00000,0x0000003126e00000]
Native frames: (J=compiled Java code, j=interpreted, Vv=VM code, C=native code)
V  [jvm.dll+0x67c78a]
V  [jvm.dll+0x838224]
V  [jvm.dll+0x8399ce]
V  [jvm.dll+0x83a033]
V  [jvm.dll+0x249425]
V  [jvm.dll+0xabf1b]
V  [jvm.dll+0xac4ac]
V  [jvm.dll+0x367f02]
V  [jvm.dll+0x331af1]
V  [jvm.dll+0x330f9a]
V  [jvm.dll+0x218b81]
V  [jvm.dll+0x217fa1]
V  [jvm.dll+0x1a432d]
V  [jvm.dll+0x227918]
V  [jvm.dll+0x225a75]
V  [jvm.dll+0x7ed96c]
V  [jvm.dll+0x7e7eba]
V  [jvm.dll+0x67b615]
C  [ucrtbase.dll+0x21bb2]
C  [KERNEL32.DLL+0x17034]
C  [ntdll.dll+0x526a1]


---------------  P R O C E S S  ---------------

Threads class SMR info:
_java_thread_list=0x0000016452e30a30, length=95, elements={
0x00000164319135d0, 0x000001644bc49510, 0x000001644bc4a0d0, 0x000001644bc634d0,
0x000001644bc63e90, 0x000001644bc64850, 0x000001644bc65210, 0x000001644bc65fb0,
0x000001644bc66a60, 0x000001644bc92c10, 0x000001644c8d1880, 0x000001644c8d4fc0,
0x000001644d644ad0, 0x000001644e271090, 0x000001644d498120, 0x000001644d172640,
0x000001644cbab850, 0x000001644d4931a0, 0x000001644d491340, 0x000001644d4940d0,
0x000001644d490e30, 0x000001644d492c90, 0x000001644d491d60, 0x000001644d492270,
0x000001644d492780, 0x000001644d4936b0, 0x000001644d493bc0, 0x000001644d490920,
0x000001644e756570, 0x000001644e757ec0, 0x000001644e7579b0, 0x000001644e7583d0,
0x000001644e7588e0, 0x000001644e75cfc0, 0x000001644e756060, 0x000001644e758df0,
0x000001644e75b160, 0x000001644e756a80, 0x000001644e759810, 0x000001644e759300,
0x000001644e75b670, 0x000001644e75a230, 0x000001644e759d20, 0x000001644e75a740,
0x000001644e75bb80, 0x000001644e75c090, 0x000001644e75c5a0, 0x000001644e75d9e0,
0x000001644e7574a0, 0x000001644e756f90, 0x000001644dbccad0, 0x000001644dbcb690,
0x000001644dbce930, 0x000001644dbca760, 0x000001644dbccfe0, 0x000001644dbcbba0,
0x000001644dbc8e10, 0x000001644dbca250, 0x000001644dbcee40, 0x000001644dbcdf10,
0x000001644dbc83f0, 0x000001644dbc9320, 0x000001644dbc9830, 0x000001644dbcf350,
0x000001644dbc7ee0, 0x000001644dbcf860, 0x000001644dbc9d40, 0x000001644dbcac70,
0x000001644dbcc5c0, 0x000001644dbcb180, 0x000001644dbcd4f0, 0x000001644dbcc0b0,
0x000001644dbcda00, 0x000001644dbce420, 0x000001644dbc8900, 0x0000016450e5a690,
0x0000016450e58d40, 0x0000016450e573f0, 0x0000016450e57e10, 0x0000016450e59c70,
0x0000016450e569d0, 0x0000016450e5a180, 0x0000016450e53730, 0x0000016450e58320,
0x0000016450e57900, 0x0000016450e53c40, 0x0000016450e59760, 0x0000016450e5aba0,
0x0000016450e55fb0, 0x0000016450e54150, 0x0000016450e54b70, 0x0000016450e55080,
0x0000016450e55590, 0x0000016450e55aa0, 0x0000016450e56ee0
}

Java Threads: ( => current thread )
  0x00000164319135d0 JavaThread "main" [_thread_blocked, id=14072, stack(0x0000003126000000,0x0000003126100000)]
  0x000001644bc49510 JavaThread "Reference Handler" daemon [_thread_blocked, id=19504, stack(0x0000003126700000,0x0000003126800000)]
  0x000001644bc4a0d0 JavaThread "Finalizer" daemon [_thread_blocked, id=17232, stack(0x0000003126800000,0x0000003126900000)]
  0x000001644bc634d0 JavaThread "Signal Dispatcher" daemon [_thread_blocked, id=18852, stack(0x0000003126900000,0x0000003126a00000)]
  0x000001644bc63e90 JavaThread "Attach Listener" daemon [_thread_blocked, id=26392, stack(0x0000003126a00000,0x0000003126b00000)]
  0x000001644bc64850 JavaThread "Service Thread" daemon [_thread_blocked, id=29660, stack(0x0000003126b00000,0x0000003126c00000)]
  0x000001644bc65210 JavaThread "Monitor Deflation Thread" daemon [_thread_blocked, id=15696, stack(0x0000003126c00000,0x0000003126d00000)]
=>0x000001644bc65fb0 JavaThread "C2 CompilerThread0" daemon [_thread_in_native, id=5384, stack(0x0000003126d00000,0x0000003126e00000)]
  0x000001644bc66a60 JavaThread "C1 CompilerThread0" daemon [_thread_blocked, id=2532, stack(0x0000003126e00000,0x0000003126f00000)]
  0x000001644bc92c10 JavaThread "Sweeper thread" daemon [_thread_blocked, id=5212, stack(0x0000003126f00000,0x0000003127000000)]
  0x000001644c8d1880 JavaThread "Common-Cleaner" daemon [_thread_blocked, id=11844, stack(0x0000003127000000,0x0000003127100000)]
  0x000001644c8d4fc0 JavaThread "Notification Thread" daemon [_thread_blocked, id=17212, stack(0x0000003127100000,0x0000003127200000)]
  0x000001644d644ad0 JavaThread "Daemon health stats" [_thread_in_vm, id=27896, stack(0x0000003127600000,0x0000003127700000)]
  0x000001644e271090 JavaThread "Incoming local TCP Connector on port 52505" [_thread_in_native, id=20688, stack(0x0000003127700000,0x0000003127800000)]
  0x000001644d498120 JavaThread "Daemon periodic checks" [_thread_in_native, id=18664, stack(0x0000003127800000,0x0000003127900000)]
  0x000001644d172640 JavaThread "Daemon" [_thread_blocked, id=32476, stack(0x0000003127900000,0x0000003127a00000)]
  0x000001644cbab850 JavaThread "Handler for socket connection from /127.0.0.1:52505 to /127.0.0.1:52506" [_thread_in_native, id=3200, stack(0x0000003127a00000,0x0000003127b00000)]
  0x000001644d4931a0 JavaThread "Cancel handler" [_thread_blocked, id=30648, stack(0x0000003127b00000,0x0000003127c00000)]
  0x000001644d491340 JavaThread "Daemon worker" [_thread_blocked, id=2356, stack(0x0000003127c00000,0x0000003127d00000)]
  0x000001644d4940d0 JavaThread "Asynchronous log dispatcher for DefaultDaemonConnection: socket connection from /127.0.0.1:52505 to /127.0.0.1:52506" [_thread_blocked, id=30096, stack(0x0000003127d00000,0x0000003127e00000)]
  0x000001644d490e30 JavaThread "Stdin handler" [_thread_blocked, id=25288, stack(0x0000003127e00000,0x0000003127f00000)]
  0x000001644d492c90 JavaThread "Daemon client event forwarder" [_thread_blocked, id=30080, stack(0x0000003127f00000,0x0000003128000000)]
  0x000001644d491d60 JavaThread "Cache worker for journal cache (C:\Users\carol\.gradle\caches\journal-1)" [_thread_blocked, id=16344, stack(0x0000003128000000,0x0000003128100000)]
  0x000001644d492270 JavaThread "File lock request listener" [_thread_in_native, id=4024, stack(0x0000003128100000,0x0000003128200000)]
  0x000001644d492780 JavaThread "Cache worker for file hash cache (C:\Users\carol\.gradle\caches\7.5\fileHashes)" [_thread_blocked, id=31868, stack(0x0000003128200000,0x0000003128300000)]
  0x000001644d4936b0 JavaThread "File watcher server" daemon [_thread_in_native, id=20924, stack(0x0000003128300000,0x0000003128400000)]
  0x000001644d493bc0 JavaThread "File watcher consumer" daemon [_thread_blocked, id=11408, stack(0x0000003128400000,0x0000003128500000)]
  0x000001644d490920 JavaThread "Cache worker for checksums cache (C:\Users\carol\Downloads\sacola-api\.gradle\7.5\checksums)" [_thread_blocked, id=28296, stack(0x0000003128500000,0x0000003128600000)]
  0x000001644e756570 JavaThread "Cache worker for cache directory md-rule (C:\Users\carol\.gradle\caches\7.5\md-rule)" [_thread_blocked, id=10820, stack(0x0000003128600000,0x0000003128700000)]
  0x000001644e757ec0 JavaThread "Cache worker for file content cache (C:\Users\carol\.gradle\caches\7.5\fileContent)" [_thread_blocked, id=18712, stack(0x0000003128700000,0x0000003128800000)]
  0x000001644e7579b0 JavaThread "Cache worker for file hash cache (C:\Users\carol\Downloads\sacola-api\.gradle\7.5\fileHashes)" [_thread_blocked, id=17268, stack(0x0000003128800000,0x0000003128900000)]
  0x000001644e7583d0 JavaThread "Cache worker for cache directory md-supplier (C:\Users\carol\.gradle\caches\7.5\md-supplier)" [_thread_blocked, id=6768, stack(0x0000003128900000,0x0000003128a00000)]
  0x000001644e7588e0 JavaThread "Cache worker for execution history cache (C:\Users\carol\.gradle\caches\7.5\executionHistory)" [_thread_blocked, id=28664, stack(0x0000003128a00000,0x0000003128b00000)]
  0x000001644e75cfc0 JavaThread "jar transforms" [_thread_blocked, id=10696, stack(0x0000003128b00000,0x0000003128c00000)]
  0x000001644e756060 JavaThread "jar transforms Thread 2" [_thread_blocked, id=17300, stack(0x0000003128c00000,0x0000003128d00000)]
  0x000001644e758df0 JavaThread "jar transforms Thread 3" [_thread_blocked, id=3392, stack(0x0000003128d00000,0x0000003128e00000)]
  0x000001644e75b160 JavaThread "jar transforms Thread 4" [_thread_blocked, id=21468, stack(0x0000003128e00000,0x0000003128f00000)]
  0x000001644e756a80 JavaThread "Cache worker for dependencies-accessors (C:\Users\carol\Downloads\sacola-api\.gradle\7.5\dependencies-accessors)" [_thread_blocked, id=31540, stack(0x0000003128f00000,0x0000003129000000)]
  0x000001644e759810 JavaThread "Cache worker for Build Output Cleanup Cache (C:\Users\carol\Downloads\sacola-api\.gradle\buildOutputCleanup)" [_thread_blocked, id=14276, stack(0x0000003129400000,0x0000003129500000)]
  0x000001644e759300 JavaThread "Unconstrained build operations" [_thread_blocked, id=26868, stack(0x0000003125e00000,0x0000003125f00000)]
  0x000001644e75b670 JavaThread "Unconstrained build operations Thread 2" [_thread_blocked, id=19224, stack(0x0000003125f00000,0x0000003126000000)]
  0x000001644e75a230 JavaThread "Unconstrained build operations Thread 3" [_thread_blocked, id=10872, stack(0x0000003129500000,0x0000003129600000)]
  0x000001644e759d20 JavaThread "Unconstrained build operations Thread 4" [_thread_blocked, id=31784, stack(0x0000003129600000,0x0000003129700000)]
  0x000001644e75a740 JavaThread "Unconstrained build operations Thread 5" [_thread_blocked, id=20880, stack(0x0000003129700000,0x0000003129800000)]
  0x000001644e75bb80 JavaThread "Unconstrained build operations Thread 6" [_thread_blocked, id=17900, stack(0x0000003129800000,0x0000003129900000)]
  0x000001644e75c090 JavaThread "Unconstrained build operations Thread 7" [_thread_blocked, id=31128, stack(0x0000003129900000,0x0000003129a00000)]
  0x000001644e75c5a0 JavaThread "Unconstrained build operations Thread 8" [_thread_blocked, id=18636, stack(0x0000003129a00000,0x0000003129b00000)]
  0x000001644e75d9e0 JavaThread "Unconstrained build operations Thread 9" [_thread_blocked, id=25596, stack(0x0000003129b00000,0x0000003129c00000)]
  0x000001644e7574a0 JavaThread "Unconstrained build operations Thread 10" [_thread_blocked, id=22804, stack(0x0000003129c00000,0x0000003129d00000)]
  0x000001644e756f90 JavaThread "Unconstrained build operations Thread 11" [_thread_blocked, id=24644, stack(0x0000003129d00000,0x0000003129e00000)]
  0x000001644dbccad0 JavaThread "Unconstrained build operations Thread 12" [_thread_blocked, id=1476, stack(0x0000003129e00000,0x0000003129f00000)]
  0x000001644dbcb690 JavaThread "Unconstrained build operations Thread 13" [_thread_blocked, id=17204, stack(0x0000003129f00000,0x000000312a000000)]
  0x000001644dbce930 JavaThread "Unconstrained build operations Thread 14" [_thread_blocked, id=10408, stack(0x000000312a000000,0x000000312a100000)]
  0x000001644dbca760 JavaThread "Unconstrained build operations Thread 15" [_thread_blocked, id=30804, stack(0x000000312a100000,0x000000312a200000)]
  0x000001644dbccfe0 JavaThread "Unconstrained build operations Thread 16" [_thread_blocked, id=30568, stack(0x000000312a200000,0x000000312a300000)]
  0x000001644dbcbba0 JavaThread "Unconstrained build operations Thread 17" [_thread_blocked, id=19980, stack(0x000000312a300000,0x000000312a400000)]
  0x000001644dbc8e10 JavaThread "Unconstrained build operations Thread 18" [_thread_blocked, id=6136, stack(0x000000312a400000,0x000000312a500000)]
  0x000001644dbca250 JavaThread "Unconstrained build operations Thread 19" [_thread_blocked, id=20408, stack(0x000000312a500000,0x000000312a600000)]
  0x000001644dbcee40 JavaThread "Memory manager" [_thread_blocked, id=19932, stack(0x000000312a600000,0x000000312a700000)]
  0x000001644dbcdf10 JavaThread "included builds" [_thread_blocked, id=10956, stack(0x000000312a700000,0x000000312a800000)]
  0x000001644dbc83f0 JavaThread "Execution worker" [_thread_blocked, id=23152, stack(0x000000312a800000,0x000000312a900000)]
  0x000001644dbc9320 JavaThread "Execution worker Thread 2" [_thread_blocked, id=32092, stack(0x000000312a900000,0x000000312aa00000)]
  0x000001644dbc9830 JavaThread "Execution worker Thread 3" [_thread_blocked, id=5644, stack(0x000000312aa00000,0x000000312ab00000)]
  0x000001644dbcf350 JavaThread "Cache worker for execution history cache (C:\Users\carol\Downloads\sacola-api\.gradle\7.5\executionHistory)" [_thread_blocked, id=16252, stack(0x000000312ab00000,0x000000312ac00000)]
  0x000001644dbc7ee0 JavaThread "Unconstrained build operations Thread 20" [_thread_blocked, id=31996, stack(0x000000312ac00000,0x000000312ad00000)]
  0x000001644dbcf860 JavaThread "Unconstrained build operations Thread 21" [_thread_blocked, id=20400, stack(0x000000312ad00000,0x000000312ae00000)]
  0x000001644dbc9d40 JavaThread "Unconstrained build operations Thread 22" [_thread_blocked, id=25376, stack(0x000000312ae00000,0x000000312af00000)]
  0x000001644dbcac70 JavaThread "Unconstrained build operations Thread 23" [_thread_blocked, id=21012, stack(0x000000312af00000,0x000000312b000000)]
  0x000001644dbcc5c0 JavaThread "Unconstrained build operations Thread 24" [_thread_blocked, id=4584, stack(0x000000312b000000,0x000000312b100000)]
  0x000001644dbcb180 JavaThread "Unconstrained build operations Thread 25" [_thread_blocked, id=264, stack(0x000000312b100000,0x000000312b200000)]
  0x000001644dbcd4f0 JavaThread "Unconstrained build operations Thread 26" [_thread_blocked, id=24744, stack(0x000000312b200000,0x000000312b300000)]
  0x000001644dbcc0b0 JavaThread "Unconstrained build operations Thread 27" [_thread_blocked, id=20376, stack(0x000000312b300000,0x000000312b400000)]
  0x000001644dbcda00 JavaThread "Unconstrained build operations Thread 28" [_thread_blocked, id=26860, stack(0x000000312b400000,0x000000312b500000)]
  0x000001644dbce420 JavaThread "Unconstrained build operations Thread 29" [_thread_blocked, id=4652, stack(0x000000312b500000,0x000000312b600000)]
  0x000001644dbc8900 JavaThread "Unconstrained build operations Thread 30" [_thread_blocked, id=16580, stack(0x000000312b600000,0x000000312b700000)]
  0x0000016450e5a690 JavaThread "Unconstrained build operations Thread 31" [_thread_blocked, id=9104, stack(0x000000312b700000,0x000000312b800000)]
  0x0000016450e58d40 JavaThread "Unconstrained build operations Thread 32" [_thread_blocked, id=18896, stack(0x000000312b800000,0x000000312b900000)]
  0x0000016450e573f0 JavaThread "Unconstrained build operations Thread 33" [_thread_blocked, id=23164, stack(0x000000312b900000,0x000000312ba00000)]
  0x0000016450e57e10 JavaThread "Unconstrained build operations Thread 34" [_thread_blocked, id=19948, stack(0x000000312ba00000,0x000000312bb00000)]
  0x0000016450e59c70 JavaThread "Unconstrained build operations Thread 35" [_thread_blocked, id=28260, stack(0x000000312bb00000,0x000000312bc00000)]
  0x0000016450e569d0 JavaThread "Unconstrained build operations Thread 36" [_thread_blocked, id=18868, stack(0x000000312bc00000,0x000000312bd00000)]
  0x0000016450e5a180 JavaThread "Unconstrained build operations Thread 37" [_thread_blocked, id=30272, stack(0x000000312bd00000,0x000000312be00000)]
  0x0000016450e53730 JavaThread "Unconstrained build operations Thread 38" [_thread_blocked, id=25408, stack(0x000000312be00000,0x000000312bf00000)]
  0x0000016450e58320 JavaThread "Unconstrained build operations Thread 39" [_thread_blocked, id=26296, stack(0x000000312bf00000,0x000000312c000000)]
  0x0000016450e57900 JavaThread "Unconstrained build operations Thread 40" [_thread_blocked, id=30496, stack(0x000000312c000000,0x000000312c100000)]
  0x0000016450e53c40 JavaThread "Cache worker for Java compile cache (C:\Users\carol\.gradle\caches\7.5\javaCompile)" [_thread_blocked, id=21024, stack(0x000000312c100000,0x000000312c200000)]
  0x0000016450e59760 JavaThread "Build operations" [_thread_blocked, id=1572, stack(0x0000003129200000,0x0000003129300000)]
  0x0000016450e5aba0 JavaThread "Build operations Thread 2" [_thread_blocked, id=16680, stack(0x000000312c200000,0x000000312c300000)]
  0x0000016450e55fb0 JavaThread "Build operations Thread 3" [_thread_blocked, id=12552, stack(0x000000312c300000,0x000000312c400000)]
  0x0000016450e54150 JavaThread "Build operations Thread 4" [_thread_blocked, id=7704, stack(0x000000312c400000,0x000000312c500000)]
  0x0000016450e54b70 JavaThread "Exec process" [_thread_in_native, id=3552, stack(0x000000312c500000,0x000000312c600000)]
  0x0000016450e55080 JavaThread "DisconnectableInputStream source reader" daemon [_thread_blocked, id=13936, stack(0x000000312c600000,0x000000312c700000)]
  0x0000016450e55590 JavaThread "Exec process Thread 2" [_thread_blocked, id=13224, stack(0x000000312c700000,0x000000312c800000)]
  0x0000016450e55aa0 JavaThread "Exec process Thread 3" [_thread_in_native, id=24388, stack(0x000000312c800000,0x000000312c900000)]
  0x0000016450e56ee0 JavaThread "Exec process Thread 4" [_thread_in_native, id=20648, stack(0x000000312c900000,0x000000312ca00000)]

Other Threads:
  0x000001644bc43660 VMThread "VM Thread" [stack: 0x0000003126600000,0x0000003126700000] [id=20192]
  0x000001644c8d74b0 WatcherThread [stack: 0x0000003127200000,0x0000003127300000] [id=1604]
  0x0000016431941100 GCTaskThread "GC Thread#0" [stack: 0x0000003126100000,0x0000003126200000] [id=26724]
  0x000001644cc39230 GCTaskThread "GC Thread#1" [stack: 0x0000003127300000,0x0000003127400000] [id=16184]
  0x000001644ca5f600 GCTaskThread "GC Thread#2" [stack: 0x0000003127400000,0x0000003127500000] [id=8520]
  0x000001644ca5f8c0 GCTaskThread "GC Thread#3" [stack: 0x0000003127500000,0x0000003127600000] [id=24560]
  0x0000016431945ef0 ConcurrentGCThread "G1 Main Marker" [stack: 0x0000003126200000,0x0000003126300000] [id=24760]
  0x0000016431946870 ConcurrentGCThread "G1 Conc#0" [stack: 0x0000003126300000,0x0000003126400000] [id=2708]
  0x00000164319eda60 ConcurrentGCThread "G1 Refine#0" [stack: 0x0000003126400000,0x0000003126500000] [id=3544]
  0x000001644eaef2b0 ConcurrentGCThread "G1 Refine#1" [stack: 0x0000003129000000,0x0000003129100000] [id=11548]
  0x0000016450509330 ConcurrentGCThread "G1 Refine#2" [stack: 0x0000003129100000,0x0000003129200000] [id=27140]
  0x00000164319ee330 ConcurrentGCThread "G1 Service" [stack: 0x0000003126500000,0x0000003126600000] [id=28656]

Threads with active compile tasks:
C2 CompilerThread0  1761578 11621       4       java.util.Arrays::sort (47 bytes)

VM state: not at safepoint (normal execution)

VM Mutex/Monitor currently owned by a thread: None

Heap address: 0x00000000e0000000, size: 512 MB, Compressed Oops mode: 32-bit

CDS archive(s) mapped at: [0x0000000800000000-0x0000000800c00000-0x0000000800c00000), size 12582912, SharedBaseAddress: 0x0000000800000000, ArchiveRelocationMode: 0.
Compressed class space mapped at: 0x0000000800c00000-0x000000080dc00000, reserved size: 218103808
Narrow klass base: 0x0000000800000000, Narrow klass shift: 0, Narrow klass range: 0x100000000

GC Precious Log:
 CPUs: 4 total, 4 available
 Memory: 4011M
 Large Page Support: Disabled
 NUMA Support: Disabled
 Compressed Oops: Enabled (32-bit)
 Heap Region Size: 1M
 Heap Min Capacity: 256M
 Heap Initial Capacity: 256M
 Heap Max Capacity: 512M
 Pre-touch: Disabled
 Parallel Workers: 4
 Concurrent Workers: 1
 Concurrent Refinement Workers: 4
 Periodic GC: Disabled

Heap:
 garbage-first heap   total 262144K, used 160001K [0x00000000e0000000, 0x0000000100000000)
  region size 1024K, 96 young (98304K), 12 survivors (12288K)
 Metaspace       used 69223K, committed 69888K, reserved 278528K
  class space    used 9317K, committed 9600K, reserved 212992K

Heap Regions: E=young(eden), S=young(survivor), O=old, HS=humongous(starts), HC=humongous(continues), CS=collection set, F=free, OA=open archive, CA=closed archive, TAMS=top-at-mark-start (previous, next)
|   0|0x00000000e0000000, 0x00000000e0100000, 0x00000000e0100000|100%|HS|  |TAMS 0x00000000e0100000, 0x00000000e0000000| Complete 
|   1|0x00000000e0100000, 0x00000000e0200000, 0x00000000e0200000|100%|HC|  |TAMS 0x00000000e0200000, 0x00000000e0100000| Complete 
|   2|0x00000000e0200000, 0x00000000e0300000, 0x00000000e0300000|100%|HC|  |TAMS 0x00000000e0300000, 0x00000000e0200000| Complete 
|   3|0x00000000e0300000, 0x00000000e0400000, 0x00000000e0400000|100%| O|  |TAMS 0x00000000e0400000, 0x00000000e0300000| Untracked 
|   4|0x00000000e0400000, 0x00000000e0500000, 0x00000000e0500000|100%| O|  |TAMS 0x00000000e0500000, 0x00000000e0400000| Untracked 
|   5|0x00000000e0500000, 0x00000000e0600000, 0x00000000e0600000|100%| O|  |TAMS 0x00000000e0600000, 0x00000000e0500000| Untracked 
|   6|0x00000000e0600000, 0x00000000e0700000, 0x00000000e0700000|100%| O|  |TAMS 0x00000000e0700000, 0x00000000e0600000| Untracked 
|   7|0x00000000e0700000, 0x00000000e0800000, 0x00000000e0800000|100%| O|  |TAMS 0x00000000e0800000, 0x00000000e0700000| Untracked 
|   8|0x00000000e0800000, 0x00000000e0900000, 0x00000000e0900000|100%| O|  |TAMS 0x00000000e0900000, 0x00000000e0800000| Untracked 
|   9|0x00000000e0900000, 0x00000000e0a00000, 0x00000000e0a00000|100%| O|  |TAMS 0x00000000e0a00000, 0x00000000e0900000| Untracked 
|  10|0x00000000e0a00000, 0x00000000e0b00000, 0x00000000e0b00000|100%| O|  |TAMS 0x00000000e0b00000, 0x00000000e0a00000| Untracked 
|  11|0x00000000e0b00000, 0x00000000e0c00000, 0x00000000e0c00000|100%| O|  |TAMS 0x00000000e0c00000, 0x00000000e0b00000| Untracked 
|  12|0x00000000e0c00000, 0x00000000e0d00000, 0x00000000e0d00000|100%| O|  |TAMS 0x00000000e0d00000, 0x00000000e0c00000| Untracked 
|  13|0x00000000e0d00000, 0x00000000e0e00000, 0x00000000e0e00000|100%| O|  |TAMS 0x00000000e0e00000, 0x00000000e0d00000| Untracked 
|  14|0x00000000e0e00000, 0x00000000e0f00000, 0x00000000e0f00000|100%| O|  |TAMS 0x00000000e0f00000, 0x00000000e0e00000| Untracked 
|  15|0x00000000e0f00000, 0x00000000e1000000, 0x00000000e1000000|100%| O|  |TAMS 0x00000000e1000000, 0x00000000e0f00000| Untracked 
|  16|0x00000000e1000000, 0x00000000e1100000, 0x00000000e1100000|100%| O|  |TAMS 0x00000000e1100000, 0x00000000e1000000| Untracked 
|  17|0x00000000e1100000, 0x00000000e1200000, 0x00000000e1200000|100%| O|  |TAMS 0x00000000e1200000, 0x00000000e1100000| Untracked 
|  18|0x00000000e1200000, 0x00000000e1300000, 0x00000000e1300000|100%| O|  |TAMS 0x00000000e1300000, 0x00000000e1200000| Untracked 
|  19|0x00000000e1300000, 0x00000000e1400000, 0x00000000e1400000|100%| O|  |TAMS 0x00000000e1400000, 0x00000000e1300000| Untracked 
|  20|0x00000000e1400000, 0x00000000e1500000, 0x00000000e1500000|100%| O|  |TAMS 0x00000000e1500000, 0x00000000e1400000| Untracked 
|  21|0x00000000e1500000, 0x00000000e1600000, 0x00000000e1600000|100%| O|  |TAMS 0x00000000e1600000, 0x00000000e1500000| Untracked 
|  22|0x00000000e1600000, 0x00000000e1700000, 0x00000000e1700000|100%| O|  |TAMS 0x00000000e1700000, 0x00000000e1600000| Untracked 
|  23|0x00000000e1700000, 0x00000000e1800000, 0x00000000e1800000|100%| O|  |TAMS 0x00000000e1800000, 0x00000000e1700000| Untracked 
|  24|0x00000000e1800000, 0x00000000e1900000, 0x00000000e1900000|100%| O|  |TAMS 0x00000000e1900000, 0x00000000e1800000| Untracked 
|  25|0x00000000e1900000, 0x00000000e1a00000, 0x00000000e1a00000|100%| O|  |TAMS 0x00000000e1a00000, 0x00000000e1900000| Untracked 
|  26|0x00000000e1a00000, 0x00000000e1b00000, 0x00000000e1b00000|100%| O|  |TAMS 0x00000000e1b00000, 0x00000000e1a00000| Untracked 
|  27|0x00000000e1b00000, 0x00000000e1c00000, 0x00000000e1c00000|100%| O|  |TAMS 0x00000000e1c00000, 0x00000000e1b00000| Untracked 
|  28|0x00000000e1c00000, 0x00000000e1d00000, 0x00000000e1d00000|100%| O|  |TAMS 0x00000000e1d00000, 0x00000000e1c00000| Untracked 
|  29|0x00000000e1d00000, 0x00000000e1e00000, 0x00000000e1e00000|100%| O|  |TAMS 0x00000000e1e00000, 0x00000000e1d00000| Untracked 
|  30|0x00000000e1e00000, 0x00000000e1f00000, 0x00000000e1f00000|100%| O|  |TAMS 0x00000000e1f00000, 0x00000000e1e00000| Untracked 
|  31|0x00000000e1f00000, 0x00000000e2000000, 0x00000000e2000000|100%| O|  |TAMS 0x00000000e2000000, 0x00000000e1f00000| Untracked 
|  32|0x00000000e2000000, 0x00000000e2100000, 0x00000000e2100000|100%| O|  |TAMS 0x00000000e2100000, 0x00000000e2000000| Untracked 
|  33|0x00000000e2100000, 0x00000000e2200000, 0x00000000e2200000|100%| O|  |TAMS 0x00000000e2200000, 0x00000000e2100000| Untracked 
|  34|0x00000000e2200000, 0x00000000e2300000, 0x00000000e2300000|100%| O|  |TAMS 0x00000000e2300000, 0x00000000e2200000| Untracked 
|  35|0x00000000e2300000, 0x00000000e2400000, 0x00000000e2400000|100%| O|  |TAMS 0x00000000e2400000, 0x00000000e2300000| Untracked 
|  36|0x00000000e2400000, 0x00000000e2500000, 0x00000000e2500000|100%| O|  |TAMS 0x00000000e2500000, 0x00000000e2400000| Untracked 
|  37|0x00000000e2500000, 0x00000000e2600000, 0x00000000e2600000|100%| O|  |TAMS 0x00000000e2600000, 0x00000000e2500000| Untracked 
|  38|0x00000000e2600000, 0x00000000e2700000, 0x00000000e2700000|100%| O|  |TAMS 0x00000000e2700000, 0x00000000e2600000| Untracked 
|  39|0x00000000e2700000, 0x00000000e2800000, 0x00000000e2800000|100%| O|  |TAMS 0x00000000e2800000, 0x00000000e2700000| Untracked 
|  40|0x00000000e2800000, 0x00000000e2900000, 0x00000000e2900000|100%| O|  |TAMS 0x00000000e2900000, 0x00000000e2800000| Untracked 
|  41|0x00000000e2900000, 0x00000000e2a00000, 0x00000000e2a00000|100%| O|  |TAMS 0x00000000e29b8400, 0x00000000e2900000| Untracked 
|  42|0x00000000e2a00000, 0x00000000e2b00000, 0x00000000e2b00000|100%| O|  |TAMS 0x00000000e2a00000, 0x00000000e2a00000| Untracked 
|  43|0x00000000e2b00000, 0x00000000e2c00000, 0x00000000e2c00000|100%| O|  |TAMS 0x00000000e2b00000, 0x00000000e2b00000| Untracked 
|  44|0x00000000e2c00000, 0x00000000e2d00000, 0x00000000e2d00000|100%| O|  |TAMS 0x00000000e2c00000, 0x00000000e2c00000| Untracked 
|  45|0x00000000e2d00000, 0x00000000e2e00000, 0x00000000e2e00000|100%| O|  |TAMS 0x00000000e2d00000, 0x00000000e2d00000| Untracked 
|  46|0x00000000e2e00000, 0x00000000e2f00000, 0x00000000e2f00000|100%| O|  |TAMS 0x00000000e2e00000, 0x00000000e2e00000| Untracked 
|  47|0x00000000e2f00000, 0x00000000e3000000, 0x00000000e3000000|100%| O|  |TAMS 0x00000000e2f00000, 0x00000000e2f00000| Untracked 
|  48|0x00000000e3000000, 0x00000000e3100000, 0x00000000e3100000|100%| O|  |TAMS 0x00000000e3000000, 0x00000000e3000000| Untracked 
|  49|0x00000000e3100000, 0x00000000e3200000, 0x00000000e3200000|100%| O|  |TAMS 0x00000000e3100000, 0x00000000e3100000| Untracked 
|  50|0x00000000e3200000, 0x00000000e3300000, 0x00000000e3300000|100%| O|  |TAMS 0x00000000e3200000, 0x00000000e3200000| Untracked 
|  51|0x00000000e3300000, 0x00000000e3400000, 0x00000000e3400000|100%| O|  |TAMS 0x00000000e3300000, 0x00000000e3300000| Untracked 
|  52|0x00000000e3400000, 0x00000000e3500000, 0x00000000e3500000|100%| O|  |TAMS 0x00000000e3400000, 0x00000000e3400000| Untracked 
|  53|0x00000000e3500000, 0x00000000e3600000, 0x00000000e3600000|100%| O|  |TAMS 0x00000000e3500000, 0x00000000e3500000| Untracked 
|  54|0x00000000e3600000, 0x00000000e3700000, 0x00000000e3700000|100%| O|  |TAMS 0x00000000e3600000, 0x00000000e3600000| Untracked 
|  55|0x00000000e3700000, 0x00000000e3800000, 0x00000000e3800000|100%| O|  |TAMS 0x00000000e3700000, 0x00000000e3700000| Untracked 
|  56|0x00000000e3800000, 0x00000000e3900000, 0x00000000e3900000|100%| O|  |TAMS 0x00000000e3800000, 0x00000000e3800000| Untracked 
|  57|0x00000000e3900000, 0x00000000e3a00000, 0x00000000e3a00000|100%| O|  |TAMS 0x00000000e3900000, 0x00000000e3900000| Untracked 
|  58|0x00000000e3a00000, 0x00000000e3b00000, 0x00000000e3b00000|100%| O|  |TAMS 0x00000000e3a00000, 0x00000000e3a00000| Untracked 
|  59|0x00000000e3b00000, 0x00000000e3c00000, 0x00000000e3c00000|100%| O|  |TAMS 0x00000000e3b00000, 0x00000000e3b00000| Untracked 
|  60|0x00000000e3c00000, 0x00000000e3d00000, 0x00000000e3d00000|100%| O|  |TAMS 0x00000000e3c00000, 0x00000000e3c00000| Untracked 
|  61|0x00000000e3d00000, 0x00000000e3e00000, 0x00000000e3e00000|100%| O|  |TAMS 0x00000000e3d00000, 0x00000000e3d00000| Untracked 
|  62|0x00000000e3e00000, 0x00000000e3ec0400, 0x00000000e3f00000| 75%| O|  |TAMS 0x00000000e3e00000, 0x00000000e3e00000| Untracked 
|  63|0x00000000e3f00000, 0x00000000e3f00000, 0x00000000e4000000|  0%| F|  |TAMS 0x00000000e3f00000, 0x00000000e3f00000| Untracked 
|  64|0x00000000e4000000, 0x00000000e4000000, 0x00000000e4100000|  0%| F|  |TAMS 0x00000000e4000000, 0x00000000e4000000| Untracked 
|  65|0x00000000e4100000, 0x00000000e4100000, 0x00000000e4200000|  0%| F|  |TAMS 0x00000000e4100000, 0x00000000e4100000| Untracked 
|  66|0x00000000e4200000, 0x00000000e4200000, 0x00000000e4300000|  0%| F|  |TAMS 0x00000000e4200000, 0x00000000e4200000| Untracked 
|  67|0x00000000e4300000, 0x00000000e4300000, 0x00000000e4400000|  0%| F|  |TAMS 0x00000000e4300000, 0x00000000e4300000| Untracked 
|  68|0x00000000e4400000, 0x00000000e4400000, 0x00000000e4500000|  0%| F|  |TAMS 0x00000000e4400000, 0x00000000e4400000| Untracked 
|  69|0x00000000e4500000, 0x00000000e4500000, 0x00000000e4600000|  0%| F|  |TAMS 0x00000000e4500000, 0x00000000e4500000| Untracked 
|  70|0x00000000e4600000, 0x00000000e4600000, 0x00000000e4700000|  0%| F|  |TAMS 0x00000000e4600000, 0x00000000e4600000| Untracked 
|  71|0x00000000e4700000, 0x00000000e4700000, 0x00000000e4800000|  0%| F|  |TAMS 0x00000000e4700000, 0x00000000e4700000| Untracked 
|  72|0x00000000e4800000, 0x00000000e4800000, 0x00000000e4900000|  0%| F|  |TAMS 0x00000000e4800000, 0x00000000e4800000| Untracked 
|  73|0x00000000e4900000, 0x00000000e4900000, 0x00000000e4a00000|  0%| F|  |TAMS 0x00000000e4900000, 0x00000000e4900000| Untracked 
|  74|0x00000000e4a00000, 0x00000000e4a00000, 0x00000000e4b00000|  0%| F|  |TAMS 0x00000000e4a00000, 0x00000000e4a00000| Untracked 
|  75|0x00000000e4b00000, 0x00000000e4b00000, 0x00000000e4c00000|  0%| F|  |TAMS 0x00000000e4b00000, 0x00000000e4b00000| Untracked 
|  76|0x00000000e4c00000, 0x00000000e4c00000, 0x00000000e4d00000|  0%| F|  |TAMS 0x00000000e4c00000, 0x00000000e4c00000| Untracked 
|  77|0x00000000e4d00000, 0x00000000e4d00000, 0x00000000e4e00000|  0%| F|  |TAMS 0x00000000e4d00000, 0x00000000e4d00000| Untracked 
|  78|0x00000000e4e00000, 0x00000000e4e00000, 0x00000000e4f00000|  0%| F|  |TAMS 0x00000000e4e00000, 0x00000000e4e00000| Untracked 
|  79|0x00000000e4f00000, 0x00000000e4f00000, 0x00000000e5000000|  0%| F|  |TAMS 0x00000000e4f00000, 0x00000000e4f00000| Untracked 
|  80|0x00000000e5000000, 0x00000000e5000000, 0x00000000e5100000|  0%| F|  |TAMS 0x00000000e5000000, 0x00000000e5000000| Untracked 
|  81|0x00000000e5100000, 0x00000000e5100000, 0x00000000e5200000|  0%| F|  |TAMS 0x00000000e5100000, 0x00000000e5100000| Untracked 
|  82|0x00000000e5200000, 0x00000000e5200000, 0x00000000e5300000|  0%| F|  |TAMS 0x00000000e5200000, 0x00000000e5200000| Untracked 
|  83|0x00000000e5300000, 0x00000000e5300000, 0x00000000e5400000|  0%| F|  |TAMS 0x00000000e5300000, 0x00000000e5300000| Untracked 
|  84|0x00000000e5400000, 0x00000000e5400000, 0x00000000e5500000|  0%| F|  |TAMS 0x00000000e5400000, 0x00000000e5400000| Untracked 
|  85|0x00000000e5500000, 0x00000000e5500000, 0x00000000e5600000|  0%| F|  |TAMS 0x00000000e5500000, 0x00000000e5500000| Untracked 
|  86|0x00000000e5600000, 0x00000000e5600000, 0x00000000e5700000|  0%| F|  |TAMS 0x00000000e5600000, 0x00000000e5600000| Untracked 
|  87|0x00000000e5700000, 0x00000000e5700000, 0x00000000e5800000|  0%| F|  |TAMS 0x00000000e5700000, 0x00000000e5700000| Untracked 
|  88|0x00000000e5800000, 0x00000000e5800000, 0x00000000e5900000|  0%| F|  |TAMS 0x00000000e5800000, 0x00000000e5800000| Untracked 
|  89|0x00000000e5900000, 0x00000000e5900000, 0x00000000e5a00000|  0%| F|  |TAMS 0x00000000e5900000, 0x00000000e5900000| Untracked 
|  90|0x00000000e5a00000, 0x00000000e5a00000, 0x00000000e5b00000|  0%| F|  |TAMS 0x00000000e5a00000, 0x00000000e5a00000| Untracked 
|  91|0x00000000e5b00000, 0x00000000e5b00000, 0x00000000e5c00000|  0%| F|  |TAMS 0x00000000e5b00000, 0x00000000e5b00000| Untracked 
|  92|0x00000000e5c00000, 0x00000000e5c00000, 0x00000000e5d00000|  0%| F|  |TAMS 0x00000000e5c00000, 0x00000000e5c00000| Untracked 
|  93|0x00000000e5d00000, 0x00000000e5d00000, 0x00000000e5e00000|  0%| F|  |TAMS 0x00000000e5d00000, 0x00000000e5d00000| Untracked 
|  94|0x00000000e5e00000, 0x00000000e5e80000, 0x00000000e5f00000| 50%| S|CS|TAMS 0x00000000e5e00000, 0x00000000e5e00000| Complete 
|  95|0x00000000e5f00000, 0x00000000e6000000, 0x00000000e6000000|100%| S|CS|TAMS 0x00000000e5f00000, 0x00000000e5f00000| Complete 
|  96|0x00000000e6000000, 0x00000000e6100000, 0x00000000e6100000|100%| S|CS|TAMS 0x00000000e6000000, 0x00000000e6000000| Complete 
|  97|0x00000000e6100000, 0x00000000e6200000, 0x00000000e6200000|100%| S|CS|TAMS 0x00000000e6100000, 0x00000000e6100000| Complete 
|  98|0x00000000e6200000, 0x00000000e6300000, 0x00000000e6300000|100%| S|CS|TAMS 0x00000000e6200000, 0x00000000e6200000| Complete 
|  99|0x00000000e6300000, 0x00000000e6400000, 0x00000000e6400000|100%| S|CS|TAMS 0x00000000e6300000, 0x00000000e6300000| Complete 
| 100|0x00000000e6400000, 0x00000000e6500000, 0x00000000e6500000|100%| S|CS|TAMS 0x00000000e6400000, 0x00000000e6400000| Complete 
| 101|0x00000000e6500000, 0x00000000e6600000, 0x00000000e6600000|100%| S|CS|TAMS 0x00000000e6500000, 0x00000000e6500000| Complete 
| 102|0x00000000e6600000, 0x00000000e6700000, 0x00000000e6700000|100%| S|CS|TAMS 0x00000000e6600000, 0x00000000e6600000| Complete 
| 103|0x00000000e6700000, 0x00000000e6700000, 0x00000000e6800000|  0%| F|  |TAMS 0x00000000e6700000, 0x00000000e6700000| Untracked 
| 104|0x00000000e6800000, 0x00000000e6800000, 0x00000000e6900000|  0%| F|  |TAMS 0x00000000e6800000, 0x00000000e6800000| Untracked 
| 105|0x00000000e6900000, 0x00000000e6900000, 0x00000000e6a00000|  0%| F|  |TAMS 0x00000000e6900000, 0x00000000e6900000| Untracked 
| 106|0x00000000e6a00000, 0x00000000e6a00000, 0x00000000e6b00000|  0%| F|  |TAMS 0x00000000e6a00000, 0x00000000e6a00000| Untracked 
| 107|0x00000000e6b00000, 0x00000000e6b00000, 0x00000000e6c00000|  0%| F|  |TAMS 0x00000000e6b00000, 0x00000000e6b00000| Untracked 
| 108|0x00000000e6c00000, 0x00000000e6c00000, 0x00000000e6d00000|  0%| F|  |TAMS 0x00000000e6c00000, 0x00000000e6c00000| Untracked 
| 109|0x00000000e6d00000, 0x00000000e6d00000, 0x00000000e6e00000|  0%| F|  |TAMS 0x00000000e6d00000, 0x00000000e6d00000| Untracked 
| 110|0x00000000e6e00000, 0x00000000e6e00000, 0x00000000e6f00000|  0%| F|  |TAMS 0x00000000e6e00000, 0x00000000e6e00000| Untracked 
| 111|0x00000000e6f00000, 0x00000000e6f00000, 0x00000000e7000000|  0%| F|  |TAMS 0x00000000e6f00000, 0x00000000e6f00000| Untracked 
| 112|0x00000000e7000000, 0x00000000e7100000, 0x00000000e7100000|100%| S|CS|TAMS 0x00000000e7000000, 0x00000000e7000000| Complete 
| 113|0x00000000e7100000, 0x00000000e7200000, 0x00000000e7200000|100%| S|CS|TAMS 0x00000000e7100000, 0x00000000e7100000| Complete 
| 114|0x00000000e7200000, 0x00000000e7300000, 0x00000000e7300000|100%| S|CS|TAMS 0x00000000e7200000, 0x00000000e7200000| Complete 
| 115|0x00000000e7300000, 0x00000000e7300000, 0x00000000e7400000|  0%| F|  |TAMS 0x00000000e7300000, 0x00000000e7300000| Untracked 
| 116|0x00000000e7400000, 0x00000000e7400000, 0x00000000e7500000|  0%| F|  |TAMS 0x00000000e7400000, 0x00000000e7400000| Untracked 
| 117|0x00000000e7500000, 0x00000000e7500000, 0x00000000e7600000|  0%| F|  |TAMS 0x00000000e7500000, 0x00000000e7500000| Untracked 
| 118|0x00000000e7600000, 0x00000000e7600000, 0x00000000e7700000|  0%| F|  |TAMS 0x00000000e7600000, 0x00000000e7600000| Untracked 
| 119|0x00000000e7700000, 0x00000000e7700000, 0x00000000e7800000|  0%| F|  |TAMS 0x00000000e7700000, 0x00000000e7700000| Untracked 
| 120|0x00000000e7800000, 0x00000000e7800000, 0x00000000e7900000|  0%| F|  |TAMS 0x00000000e7800000, 0x00000000e7800000| Untracked 
| 121|0x00000000e7900000, 0x00000000e7900000, 0x00000000e7a00000|  0%| F|  |TAMS 0x00000000e7900000, 0x00000000e7900000| Untracked 
| 122|0x00000000e7a00000, 0x00000000e7a00000, 0x00000000e7b00000|  0%| F|  |TAMS 0x00000000e7a00000, 0x00000000e7a00000| Untracked 
| 123|0x00000000e7b00000, 0x00000000e7b00000, 0x00000000e7c00000|  0%| F|  |TAMS 0x00000000e7b00000, 0x00000000e7b00000| Untracked 
| 124|0x00000000e7c00000, 0x00000000e7c00000, 0x00000000e7d00000|  0%| F|  |TAMS 0x00000000e7c00000, 0x00000000e7c00000| Untracked 
| 125|0x00000000e7d00000, 0x00000000e7d00000, 0x00000000e7e00000|  0%| F|  |TAMS 0x00000000e7d00000, 0x00000000e7d00000| Untracked 
| 126|0x00000000e7e00000, 0x00000000e7e00000, 0x00000000e7f00000|  0%| F|  |TAMS 0x00000000e7e00000, 0x00000000e7e00000| Untracked 
| 127|0x00000000e7f00000, 0x00000000e7f00000, 0x00000000e8000000|  0%| F|  |TAMS 0x00000000e7f00000, 0x00000000e7f00000| Untracked 
| 128|0x00000000e8000000, 0x00000000e8000000, 0x00000000e8100000|  0%| F|  |TAMS 0x00000000e8000000, 0x00000000e8000000| Untracked 
| 129|0x00000000e8100000, 0x00000000e8100000, 0x00000000e8200000|  0%| F|  |TAMS 0x00000000e8100000, 0x00000000e8100000| Untracked 
| 130|0x00000000e8200000, 0x00000000e8200000, 0x00000000e8300000|  0%| F|  |TAMS 0x00000000e8200000, 0x00000000e8200000| Untracked 
| 131|0x00000000e8300000, 0x00000000e8300000, 0x00000000e8400000|  0%| F|  |TAMS 0x00000000e8300000, 0x00000000e8300000| Untracked 
| 132|0x00000000e8400000, 0x00000000e8400000, 0x00000000e8500000|  0%| F|  |TAMS 0x00000000e8400000, 0x00000000e8400000| Untracked 
| 133|0x00000000e8500000, 0x00000000e8500000, 0x00000000e8600000|  0%| F|  |TAMS 0x00000000e8500000, 0x00000000e8500000| Untracked 
| 134|0x00000000e8600000, 0x00000000e8600000, 0x00000000e8700000|  0%| F|  |TAMS 0x00000000e8600000, 0x00000000e8600000| Untracked 
| 135|0x00000000e8700000, 0x00000000e8700000, 0x00000000e8800000|  0%| F|  |TAMS 0x00000000e8700000, 0x00000000e8700000| Untracked 
| 136|0x00000000e8800000, 0x00000000e8800000, 0x00000000e8900000|  0%| F|  |TAMS 0x00000000e8800000, 0x00000000e8800000| Untracked 
| 137|0x00000000e8900000, 0x00000000e8900000, 0x00000000e8a00000|  0%| F|  |TAMS 0x00000000e8900000, 0x00000000e8900000| Untracked 
| 138|0x00000000e8a00000, 0x00000000e8a00000, 0x00000000e8b00000|  0%| F|  |TAMS 0x00000000e8a00000, 0x00000000e8a00000| Untracked 
| 139|0x00000000e8b00000, 0x00000000e8b00000, 0x00000000e8c00000|  0%| F|  |TAMS 0x00000000e8b00000, 0x00000000e8b00000| Untracked 
| 140|0x00000000e8c00000, 0x00000000e8c00000, 0x00000000e8d00000|  0%| F|  |TAMS 0x00000000e8c00000, 0x00000000e8c00000| Untracked 
| 141|0x00000000e8d00000, 0x00000000e8d00000, 0x00000000e8e00000|  0%| F|  |TAMS 0x00000000e8d00000, 0x00000000e8d00000| Untracked 
| 142|0x00000000e8e00000, 0x00000000e8e00000, 0x00000000e8f00000|  0%| F|  |TAMS 0x00000000e8e00000, 0x00000000e8e00000| Untracked 
| 143|0x00000000e8f00000, 0x00000000e8f00000, 0x00000000e9000000|  0%| F|  |TAMS 0x00000000e8f00000, 0x00000000e8f00000| Untracked 
| 144|0x00000000e9000000, 0x00000000e9000000, 0x00000000e9100000|  0%| F|  |TAMS 0x00000000e9000000, 0x00000000e9000000| Untracked 
| 145|0x00000000e9100000, 0x00000000e9100000, 0x00000000e9200000|  0%| F|  |TAMS 0x00000000e9100000, 0x00000000e9100000| Untracked 
| 146|0x00000000e9200000, 0x00000000e9200000, 0x00000000e9300000|  0%| F|  |TAMS 0x00000000e9200000, 0x00000000e9200000| Untracked 
| 147|0x00000000e9300000, 0x00000000e9300000, 0x00000000e9400000|  0%| F|  |TAMS 0x00000000e9300000, 0x00000000e9300000| Untracked 
| 148|0x00000000e9400000, 0x00000000e9400000, 0x00000000e9500000|  0%| F|  |TAMS 0x00000000e9400000, 0x00000000e9400000| Untracked 
| 149|0x00000000e9500000, 0x00000000e9500000, 0x00000000e9600000|  0%| F|  |TAMS 0x00000000e9500000, 0x00000000e9500000| Untracked 
| 150|0x00000000e9600000, 0x00000000e9600000, 0x00000000e9700000|  0%| F|  |TAMS 0x00000000e9600000, 0x00000000e9600000| Untracked 
| 151|0x00000000e9700000, 0x00000000e9700000, 0x00000000e9800000|  0%| F|  |TAMS 0x00000000e9700000, 0x00000000e9700000| Untracked 
| 152|0x00000000e9800000, 0x00000000e9800000, 0x00000000e9900000|  0%| F|  |TAMS 0x00000000e9800000, 0x00000000e9800000| Untracked 
| 153|0x00000000e9900000, 0x00000000e9900000, 0x00000000e9a00000|  0%| F|  |TAMS 0x00000000e9900000, 0x00000000e9900000| Untracked 
| 154|0x00000000e9a00000, 0x00000000e9a00000, 0x00000000e9b00000|  0%| F|  |TAMS 0x00000000e9a00000, 0x00000000e9a00000| Untracked 
| 155|0x00000000e9b00000, 0x00000000e9b00000, 0x00000000e9c00000|  0%| F|  |TAMS 0x00000000e9b00000, 0x00000000e9b00000| Untracked 
| 156|0x00000000e9c00000, 0x00000000e9c00000, 0x00000000e9d00000|  0%| F|  |TAMS 0x00000000e9c00000, 0x00000000e9c00000| Untracked 
| 157|0x00000000e9d00000, 0x00000000e9d00000, 0x00000000e9e00000|  0%| F|  |TAMS 0x00000000e9d00000, 0x00000000e9d00000| Untracked 
| 158|0x00000000e9e00000, 0x00000000e9e00000, 0x00000000e9f00000|  0%| F|  |TAMS 0x00000000e9e00000, 0x00000000e9e00000| Untracked 
| 159|0x00000000e9f00000, 0x00000000e9f00000, 0x00000000ea000000|  0%| F|  |TAMS 0x00000000e9f00000, 0x00000000e9f00000| Untracked 
| 160|0x00000000ea000000, 0x00000000ea000000, 0x00000000ea100000|  0%| F|  |TAMS 0x00000000ea000000, 0x00000000ea000000| Untracked 
| 161|0x00000000ea100000, 0x00000000ea100000, 0x00000000ea200000|  0%| F|  |TAMS 0x00000000ea100000, 0x00000000ea100000| Untracked 
| 162|0x00000000ea200000, 0x00000000ea200000, 0x00000000ea300000|  0%| F|  |TAMS 0x00000000ea200000, 0x00000000ea200000| Untracked 
| 163|0x00000000ea300000, 0x00000000ea300000, 0x00000000ea400000|  0%| F|  |TAMS 0x00000000ea300000, 0x00000000ea300000| Untracked 
| 164|0x00000000ea400000, 0x00000000ea400000, 0x00000000ea500000|  0%| F|  |TAMS 0x00000000ea400000, 0x00000000ea400000| Untracked 
| 165|0x00000000ea500000, 0x00000000ea500000, 0x00000000ea600000|  0%| F|  |TAMS 0x00000000ea500000, 0x00000000ea500000| Untracked 
| 166|0x00000000ea600000, 0x00000000ea600000, 0x00000000ea700000|  0%| F|  |TAMS 0x00000000ea600000, 0x00000000ea600000| Untracked 
| 167|0x00000000ea700000, 0x00000000ea700000, 0x00000000ea800000|  0%| F|  |TAMS 0x00000000ea700000, 0x00000000ea700000| Untracked 
| 168|0x00000000ea800000, 0x00000000ea800000, 0x00000000ea900000|  0%| F|  |TAMS 0x00000000ea800000, 0x00000000ea800000| Untracked 
| 169|0x00000000ea900000, 0x00000000ea900000, 0x00000000eaa00000|  0%| F|  |TAMS 0x00000000ea900000, 0x00000000ea900000| Untracked 
| 170|0x00000000eaa00000, 0x00000000eaa00000, 0x00000000eab00000|  0%| F|  |TAMS 0x00000000eaa00000, 0x00000000eaa00000| Untracked 
| 171|0x00000000eab00000, 0x00000000eab00000, 0x00000000eac00000|  0%| F|  |TAMS 0x00000000eab00000, 0x00000000eab00000| Untracked 
| 172|0x00000000eac00000, 0x00000000eac3b380, 0x00000000ead00000| 23%| E|  |TAMS 0x00000000eac00000, 0x00000000eac00000| Complete 
| 173|0x00000000ead00000, 0x00000000eae00000, 0x00000000eae00000|100%| E|CS|TAMS 0x00000000ead00000, 0x00000000ead00000| Complete 
| 174|0x00000000eae00000, 0x00000000eaf00000, 0x00000000eaf00000|100%| E|CS|TAMS 0x00000000eae00000, 0x00000000eae00000| Complete 
| 175|0x00000000eaf00000, 0x00000000eb000000, 0x00000000eb000000|100%| E|CS|TAMS 0x00000000eaf00000, 0x00000000eaf00000| Complete 
| 176|0x00000000eb000000, 0x00000000eb100000, 0x00000000eb100000|100%| E|CS|TAMS 0x00000000eb000000, 0x00000000eb000000| Complete 
| 177|0x00000000eb100000, 0x00000000eb200000, 0x00000000eb200000|100%| E|CS|TAMS 0x00000000eb100000, 0x00000000eb100000| Complete 
| 178|0x00000000eb200000, 0x00000000eb300000, 0x00000000eb300000|100%| E|CS|TAMS 0x00000000eb200000, 0x00000000eb200000| Complete 
| 179|0x00000000eb300000, 0x00000000eb400000, 0x00000000eb400000|100%| E|CS|TAMS 0x00000000eb300000, 0x00000000eb300000| Complete 
| 180|0x00000000eb400000, 0x00000000eb500000, 0x00000000eb500000|100%| E|CS|TAMS 0x00000000eb400000, 0x00000000eb400000| Complete 
| 181|0x00000000eb500000, 0x00000000eb600000, 0x00000000eb600000|100%| E|CS|TAMS 0x00000000eb500000, 0x00000000eb500000| Complete 
| 182|0x00000000eb600000, 0x00000000eb700000, 0x00000000eb700000|100%| E|CS|TAMS 0x00000000eb600000, 0x00000000eb600000| Complete 
| 183|0x00000000eb700000, 0x00000000eb800000, 0x00000000eb800000|100%| E|CS|TAMS 0x00000000eb700000, 0x00000000eb700000| Complete 
| 184|0x00000000eb800000, 0x00000000eb900000, 0x00000000eb900000|100%| E|CS|TAMS 0x00000000eb800000, 0x00000000eb800000| Complete 
| 185|0x00000000eb900000, 0x00000000eba00000, 0x00000000eba00000|100%| E|  |TAMS 0x00000000eb900000, 0x00000000eb900000| Complete 
| 186|0x00000000eba00000, 0x00000000ebb00000, 0x00000000ebb00000|100%| E|CS|TAMS 0x00000000eba00000, 0x00000000eba00000| Complete 
| 187|0x00000000ebb00000, 0x00000000ebc00000, 0x00000000ebc00000|100%| E|CS|TAMS 0x00000000ebb00000, 0x00000000ebb00000| Complete 
| 188|0x00000000ebc00000, 0x00000000ebd00000, 0x00000000ebd00000|100%| E|CS|TAMS 0x00000000ebc00000, 0x00000000ebc00000| Complete 
| 189|0x00000000ebd00000, 0x00000000ebe00000, 0x00000000ebe00000|100%| E|CS|TAMS 0x00000000ebd00000, 0x00000000ebd00000| Complete 
| 190|0x00000000ebe00000, 0x00000000ebf00000, 0x00000000ebf00000|100%| E|CS|TAMS 0x00000000ebe00000, 0x00000000ebe00000| Complete 
| 191|0x00000000ebf00000, 0x00000000ec000000, 0x00000000ec000000|100%| E|CS|TAMS 0x00000000ebf00000, 0x00000000ebf00000| Complete 
| 192|0x00000000ec000000, 0x00000000ec100000, 0x00000000ec100000|100%| E|CS|TAMS 0x00000000ec000000, 0x00000000ec000000| Complete 
| 193|0x00000000ec100000, 0x00000000ec200000, 0x00000000ec200000|100%| E|CS|TAMS 0x00000000ec100000, 0x00000000ec100000| Complete 
| 194|0x00000000ec200000, 0x00000000ec300000, 0x00000000ec300000|100%| E|CS|TAMS 0x00000000ec200000, 0x00000000ec200000| Complete 
| 195|0x00000000ec300000, 0x00000000ec400000, 0x00000000ec400000|100%| E|CS|TAMS 0x00000000ec300000, 0x00000000ec300000| Complete 
| 196|0x00000000ec400000, 0x00000000ec500000, 0x00000000ec500000|100%| E|CS|TAMS 0x00000000ec400000, 0x00000000ec400000| Complete 
| 197|0x00000000ec500000, 0x00000000ec600000, 0x00000000ec600000|100%| E|CS|TAMS 0x00000000ec500000, 0x00000000ec500000| Complete 
| 198|0x00000000ec600000, 0x00000000ec700000, 0x00000000ec700000|100%| E|CS|TAMS 0x00000000ec600000, 0x00000000ec600000| Complete 
| 199|0x00000000ec700000, 0x00000000ec800000, 0x00000000ec800000|100%| E|CS|TAMS 0x00000000ec700000, 0x00000000ec700000| Complete 
| 200|0x00000000ec800000, 0x00000000ec900000, 0x00000000ec900000|100%| E|CS|TAMS 0x00000000ec800000, 0x00000000ec800000| Complete 
| 201|0x00000000ec900000, 0x00000000eca00000, 0x00000000eca00000|100%| E|CS|TAMS 0x00000000ec900000, 0x00000000ec900000| Complete 
| 202|0x00000000eca00000, 0x00000000ecb00000, 0x00000000ecb00000|100%| E|CS|TAMS 0x00000000eca00000, 0x00000000eca00000| Complete 
| 203|0x00000000ecb00000, 0x00000000ecc00000, 0x00000000ecc00000|100%| E|CS|TAMS 0x00000000ecb00000, 0x00000000ecb00000| Complete 
| 204|0x00000000ecc00000, 0x00000000ecd00000, 0x00000000ecd00000|100%| E|CS|TAMS 0x00000000ecc00000, 0x00000000ecc00000| Complete 
| 205|0x00000000ecd00000, 0x00000000ece00000, 0x00000000ece00000|100%| E|CS|TAMS 0x00000000ecd00000, 0x00000000ecd00000| Complete 
| 206|0x00000000ece00000, 0x00000000ecf00000, 0x00000000ecf00000|100%| E|CS|TAMS 0x00000000ece00000, 0x00000000ece00000| Complete 
| 207|0x00000000ecf00000, 0x00000000ed000000, 0x00000000ed000000|100%| E|CS|TAMS 0x00000000ecf00000, 0x00000000ecf00000| Complete 
| 208|0x00000000ed000000, 0x00000000ed100000, 0x00000000ed100000|100%| E|CS|TAMS 0x00000000ed000000, 0x00000000ed000000| Complete 
| 209|0x00000000ed100000, 0x00000000ed200000, 0x00000000ed200000|100%| E|CS|TAMS 0x00000000ed100000, 0x00000000ed100000| Complete 
| 210|0x00000000ed200000, 0x00000000ed300000, 0x00000000ed300000|100%| E|CS|TAMS 0x00000000ed200000, 0x00000000ed200000| Complete 
| 211|0x00000000ed300000, 0x00000000ed400000, 0x00000000ed400000|100%| E|CS|TAMS 0x00000000ed300000, 0x00000000ed300000| Complete 
| 212|0x00000000ed400000, 0x00000000ed500000, 0x00000000ed500000|100%| E|CS|TAMS 0x00000000ed400000, 0x00000000ed400000| Complete 
| 213|0x00000000ed500000, 0x00000000ed600000, 0x00000000ed600000|100%| E|CS|TAMS 0x00000000ed500000, 0x00000000ed500000| Complete 
| 214|0x00000000ed600000, 0x00000000ed700000, 0x00000000ed700000|100%| E|CS|TAMS 0x00000000ed600000, 0x00000000ed600000| Complete 
| 215|0x00000000ed700000, 0x00000000ed800000, 0x00000000ed800000|100%| E|CS|TAMS 0x00000000ed700000, 0x00000000ed700000| Complete 
| 216|0x00000000ed800000, 0x00000000ed900000, 0x00000000ed900000|100%| E|CS|TAMS 0x00000000ed800000, 0x00000000ed800000| Complete 
| 217|0x00000000ed900000, 0x00000000eda00000, 0x00000000eda00000|100%| E|CS|TAMS 0x00000000ed900000, 0x00000000ed900000| Complete 
| 218|0x00000000eda00000, 0x00000000edb00000, 0x00000000edb00000|100%| E|CS|TAMS 0x00000000eda00000, 0x00000000eda00000| Complete 
| 219|0x00000000edb00000, 0x00000000edc00000, 0x00000000edc00000|100%| E|CS|TAMS 0x00000000edb00000, 0x00000000edb00000| Complete 
| 220|0x00000000edc00000, 0x00000000edd00000, 0x00000000edd00000|100%| E|CS|TAMS 0x00000000edc00000, 0x00000000edc00000| Complete 
| 221|0x00000000edd00000, 0x00000000ede00000, 0x00000000ede00000|100%| E|CS|TAMS 0x00000000edd00000, 0x00000000edd00000| Complete 
| 222|0x00000000ede00000, 0x00000000edf00000, 0x00000000edf00000|100%| E|CS|TAMS 0x00000000ede00000, 0x00000000ede00000| Complete 
| 223|0x00000000edf00000, 0x00000000ee000000, 0x00000000ee000000|100%| E|CS|TAMS 0x00000000edf00000, 0x00000000edf00000| Complete 
| 224|0x00000000ee000000, 0x00000000ee100000, 0x00000000ee100000|100%| E|CS|TAMS 0x00000000ee000000, 0x00000000ee000000| Complete 
| 225|0x00000000ee100000, 0x00000000ee200000, 0x00000000ee200000|100%| E|CS|TAMS 0x00000000ee100000, 0x00000000ee100000| Complete 
| 226|0x00000000ee200000, 0x00000000ee300000, 0x00000000ee300000|100%| E|CS|TAMS 0x00000000ee200000, 0x00000000ee200000| Complete 
| 227|0x00000000ee300000, 0x00000000ee400000, 0x00000000ee400000|100%| E|CS|TAMS 0x00000000ee300000, 0x00000000ee300000| Complete 
| 228|0x00000000ee400000, 0x00000000ee500000, 0x00000000ee500000|100%| E|CS|TAMS 0x00000000ee400000, 0x00000000ee400000| Complete 
| 229|0x00000000ee500000, 0x00000000ee600000, 0x00000000ee600000|100%| E|CS|TAMS 0x00000000ee500000, 0x00000000ee500000| Complete 
| 230|0x00000000ee600000, 0x00000000ee700000, 0x00000000ee700000|100%| E|CS|TAMS 0x00000000ee600000, 0x00000000ee600000| Complete 
| 231|0x00000000ee700000, 0x00000000ee800000, 0x00000000ee800000|100%| E|CS|TAMS 0x00000000ee700000, 0x00000000ee700000| Complete 
| 232|0x00000000ee800000, 0x00000000ee900000, 0x00000000ee900000|100%| E|CS|TAMS 0x00000000ee800000, 0x00000000ee800000| Complete 
| 233|0x00000000ee900000, 0x00000000eea00000, 0x00000000eea00000|100%| E|CS|TAMS 0x00000000ee900000, 0x00000000ee900000| Complete 
| 234|0x00000000eea00000, 0x00000000eeb00000, 0x00000000eeb00000|100%| E|CS|TAMS 0x00000000eea00000, 0x00000000eea00000| Complete 
| 235|0x00000000eeb00000, 0x00000000eec00000, 0x00000000eec00000|100%| E|CS|TAMS 0x00000000eeb00000, 0x00000000eeb00000| Complete 
| 236|0x00000000eec00000, 0x00000000eed00000, 0x00000000eed00000|100%| E|CS|TAMS 0x00000000eec00000, 0x00000000eec00000| Complete 
| 237|0x00000000eed00000, 0x00000000eee00000, 0x00000000eee00000|100%| E|CS|TAMS 0x00000000eed00000, 0x00000000eed00000| Complete 
| 238|0x00000000eee00000, 0x00000000eef00000, 0x00000000eef00000|100%| E|CS|TAMS 0x00000000eee00000, 0x00000000eee00000| Complete 
| 239|0x00000000eef00000, 0x00000000ef000000, 0x00000000ef000000|100%| E|CS|TAMS 0x00000000eef00000, 0x00000000eef00000| Complete 
| 240|0x00000000ef000000, 0x00000000ef100000, 0x00000000ef100000|100%| E|CS|TAMS 0x00000000ef000000, 0x00000000ef000000| Complete 
| 241|0x00000000ef100000, 0x00000000ef200000, 0x00000000ef200000|100%| E|CS|TAMS 0x00000000ef100000, 0x00000000ef100000| Complete 
| 242|0x00000000ef200000, 0x00000000ef300000, 0x00000000ef300000|100%| E|CS|TAMS 0x00000000ef200000, 0x00000000ef200000| Complete 
| 243|0x00000000ef300000, 0x00000000ef400000, 0x00000000ef400000|100%| E|CS|TAMS 0x00000000ef300000, 0x00000000ef300000| Complete 
| 244|0x00000000ef400000, 0x00000000ef500000, 0x00000000ef500000|100%| E|CS|TAMS 0x00000000ef400000, 0x00000000ef400000| Complete 
| 245|0x00000000ef500000, 0x00000000ef600000, 0x00000000ef600000|100%| E|CS|TAMS 0x00000000ef500000, 0x00000000ef500000| Complete 
| 246|0x00000000ef600000, 0x00000000ef700000, 0x00000000ef700000|100%| E|CS|TAMS 0x00000000ef600000, 0x00000000ef600000| Complete 
| 247|0x00000000ef700000, 0x00000000ef800000, 0x00000000ef800000|100%| E|CS|TAMS 0x00000000ef700000, 0x00000000ef700000| Complete 
| 248|0x00000000ef800000, 0x00000000ef900000, 0x00000000ef900000|100%| E|CS|TAMS 0x00000000ef800000, 0x00000000ef800000| Complete 
| 249|0x00000000ef900000, 0x00000000efa00000, 0x00000000efa00000|100%| E|CS|TAMS 0x00000000ef900000, 0x00000000ef900000| Complete 
| 250|0x00000000efa00000, 0x00000000efb00000, 0x00000000efb00000|100%| E|CS|TAMS 0x00000000efa00000, 0x00000000efa00000| Complete 
| 251|0x00000000efb00000, 0x00000000efc00000, 0x00000000efc00000|100%| E|CS|TAMS 0x00000000efb00000, 0x00000000efb00000| Complete 
| 252|0x00000000efc00000, 0x00000000efd00000, 0x00000000efd00000|100%| E|CS|TAMS 0x00000000efc00000, 0x00000000efc00000| Complete 
| 253|0x00000000efd00000, 0x00000000efe00000, 0x00000000efe00000|100%| E|CS|TAMS 0x00000000efd00000, 0x00000000efd00000| Complete 
| 254|0x00000000efe00000, 0x00000000eff00000, 0x00000000eff00000|100%| E|CS|TAMS 0x00000000efe00000, 0x00000000efe00000| Complete 
| 255|0x00000000eff00000, 0x00000000f0000000, 0x00000000f0000000|100%| E|CS|TAMS 0x00000000eff00000, 0x00000000eff00000| Complete 

Card table byte_map: [0x00000164484a0000,0x00000164485a0000] _byte_map_base: 0x0000016447da0000

Marking Bits (Prev, Next): (CMBitMap*) 0x00000164319415c0, (CMBitMap*) 0x0000016431941600
 Prev Bits: [0x00000164486a0000, 0x0000016448ea0000)
 Next Bits: [0x0000016448ea0000, 0x00000164496a0000)

Polling page: 0x000001642fac0000

Metaspace:

Usage:
  Non-class:     58.50 MB used.
      Class:      9.10 MB used.
       Both:     67.60 MB used.

Virtual space:
  Non-class space:       64.00 MB reserved,      58.88 MB ( 92%) committed,  8 nodes.
      Class space:      208.00 MB reserved,       9.38 MB (  5%) committed,  1 nodes.
             Both:      272.00 MB reserved,      68.25 MB ( 25%) committed. 

Chunk freelists:
   Non-Class:  254.00 KB
       Class:  2.57 MB
        Both:  2.82 MB

MaxMetaspaceSize: 256.00 MB
CompressedClassSpaceSize: 208.00 MB
Initial GC threshold: 21.00 MB
Current GC threshold: 111.88 MB
CDS: on
MetaspaceReclaimPolicy: balanced
 - commit_granule_bytes: 65536.
 - commit_granule_words: 8192.
 - virtual_space_node_default_size: 1048576.
 - enlarge_chunks_in_place: 1.
 - new_chunks_are_fully_committed: 0.
 - uncommit_free_chunks: 1.
 - use_allocation_guard: 0.
 - handle_deallocations: 1.


Internal statistics:

num_allocs_failed_limit: 42.
num_arena_births: 692.
num_arena_deaths: 0.
num_vsnodes_births: 9.
num_vsnodes_deaths: 0.
num_space_committed: 1092.
num_space_uncommitted: 0.
num_chunks_returned_to_freelist: 42.
num_chunks_taken_from_freelist: 3312.
num_chunk_merges: 42.
num_chunk_splits: 2220.
num_chunks_enlarged: 1449.
num_purges: 0.
num_inconsistent_stats: 0.

CodeHeap 'non-profiled nmethods': size=120000Kb used=7073Kb max_used=7073Kb free=112926Kb
 bounds [0x0000016440f70000, 0x0000016441660000, 0x00000164484a0000]
CodeHeap 'profiled nmethods': size=120000Kb used=17569Kb max_used=17580Kb free=102430Kb
 bounds [0x0000016439a40000, 0x000001643ab70000, 0x0000016440f70000]
CodeHeap 'non-nmethods': size=5760Kb used=2403Kb max_used=2458Kb free=3356Kb
 bounds [0x00000164394a0000, 0x0000016439720000, 0x0000016439a40000]
 total_blobs=10326 nmethods=9392 adapters=845
 compilation: enabled
              stopped_count=0, restarted_count=0
 full_count=0

Compilation events (20 events):
Event: 1761.033 Thread 0x000001644bc66a60 11623       3       com.sun.jmx.mbeanserver.MXBeanIntrospector::invokeM2 (13 bytes)
Event: 1761.038 Thread 0x000001644bc66a60 nmethod 11623 0x000001643a9e4390 code [0x000001643a9e4540, 0x000001643a9e48e8]
Event: 1761.038 Thread 0x000001644bc66a60 11624       3       com.sun.jmx.mbeanserver.MXBeanIntrospector::invokeM2 (12 bytes)
Event: 1761.038 Thread 0x000001644bc66a60 nmethod 11624 0x000001643a9e3e90 code [0x000001643a9e4040, 0x000001643a9e4288]
Event: 1761.038 Thread 0x000001644bc66a60 11625   !   3       com.sun.jmx.mbeanserver.ConvertingMethod::invokeWithOpenReturn (35 bytes)
Event: 1761.046 Thread 0x000001644bc66a60 nmethod 11625 0x000001643a9e3310 code [0x000001643a9e3520, 0x000001643a9e3c28]
Event: 1761.046 Thread 0x000001644bc66a60 11626       3       com.sun.jmx.mbeanserver.MXBeanLookup::getLookup (10 bytes)
Event: 1761.047 Thread 0x000001644bc66a60 nmethod 11626 0x000001643a9e2e10 code [0x000001643a9e2fc0, 0x000001643a9e3268]
Event: 1761.047 Thread 0x000001644bc66a60 11627   !   3       com.sun.jmx.mbeanserver.ConvertingMethod::invokeWithOpenReturn (84 bytes)
Event: 1761.065 Thread 0x000001644bc66a60 nmethod 11627 0x000001643a9e1f10 code [0x000001643a9e2180, 0x000001643a9e2988]
Event: 1761.065 Thread 0x000001644bc66a60 11628       3       com.sun.jmx.mbeanserver.ConvertingMethod::fromOpenParameters (50 bytes)
Event: 1761.066 Thread 0x000001644bc66a60 nmethod 11628 0x000001643a9e1490 code [0x000001643a9e1680, 0x000001643a9e1d08]
Event: 1761.066 Thread 0x000001644bc66a60 11629   !   3       sun.reflect.misc.MethodUtil::invoke (111 bytes)
Event: 1761.082 Thread 0x000001644bc66a60 nmethod 11629 0x000001643a9df690 code [0x000001643a9df960, 0x000001643a9e0e88]
Event: 1761.082 Thread 0x000001644bc66a60 11630       3       com.sun.jmx.mbeanserver.DefaultMXBeanMappingFactory$NonNullMXBeanMapping::toOpenValue (12 bytes)
Event: 1761.082 Thread 0x000001644bc66a60 nmethod 11630 0x000001643a9df210 code [0x000001643a9df3c0, 0x000001643a9df5e8]
Event: 1761.082 Thread 0x000001644bc66a60 11631       3       com.sun.jmx.mbeanserver.DefaultMXBeanMappingFactory$IdentityMapping::toNonNullOpenValue (2 bytes)
Event: 1761.082 Thread 0x000001644bc66a60 nmethod 11631 0x000001643a4d4a90 code [0x000001643a4d4c20, 0x000001643a4d4d38]
Event: 1761.082 Thread 0x000001644bc66a60 11632       3       sun.reflect.misc.Trampoline::ensureInvocableMethod (53 bytes)
Event: 1761.098 Thread 0x000001644bc66a60 nmethod 11632 0x000001643a9de610 code [0x000001643a9de820, 0x000001643a9def98]

GC Heap History (20 events):
Event: 110.298 GC heap before
{Heap before GC invocations=13 (full 0):
 garbage-first heap   total 262144K, used 199205K [0x00000000e0000000, 0x0000000100000000)
  region size 1024K, 153 young (156672K), 4 survivors (4096K)
 Metaspace       used 57345K, committed 57856K, reserved 270336K
  class space    used 7826K, committed 8064K, reserved 212992K
}
Event: 110.309 GC heap after
{Heap after GC invocations=14 (full 0):
 garbage-first heap   total 262144K, used 47533K [0x00000000e0000000, 0x0000000100000000)
  region size 1024K, 5 young (5120K), 5 survivors (5120K)
 Metaspace       used 57345K, committed 57856K, reserved 270336K
  class space    used 7826K, committed 8064K, reserved 212992K
}
Event: 115.040 GC heap before
{Heap before GC invocations=14 (full 0):
 garbage-first heap   total 262144K, used 199085K [0x00000000e0000000, 0x0000000100000000)
  region size 1024K, 153 young (156672K), 5 survivors (5120K)
 Metaspace       used 57349K, committed 57856K, reserved 270336K
  class space    used 7826K, committed 8064K, reserved 212992K
}
Event: 115.051 GC heap after
{Heap after GC invocations=15 (full 0):
 garbage-first heap   total 262144K, used 46300K [0x00000000e0000000, 0x0000000100000000)
  region size 1024K, 4 young (4096K), 4 survivors (4096K)
 Metaspace       used 57349K, committed 57856K, reserved 270336K
  class space    used 7826K, committed 8064K, reserved 212992K
}
Event: 122.491 GC heap before
{Heap before GC invocations=15 (full 0):
 garbage-first heap   total 262144K, used 194780K [0x00000000e0000000, 0x0000000100000000)
  region size 1024K, 149 young (152576K), 4 survivors (4096K)
 Metaspace       used 60549K, committed 61056K, reserved 270336K
  class space    used 8250K, committed 8448K, reserved 212992K
}
Event: 122.557 GC heap after
{Heap after GC invocations=16 (full 0):
 garbage-first heap   total 262144K, used 48006K [0x00000000e0000000, 0x0000000100000000)
  region size 1024K, 6 young (6144K), 6 survivors (6144K)
 Metaspace       used 60549K, committed 61056K, reserved 270336K
  class space    used 8250K, committed 8448K, reserved 212992K
}
Event: 140.562 GC heap before
{Heap before GC invocations=17 (full 0):
 garbage-first heap   total 262144K, used 198534K [0x00000000e0000000, 0x0000000100000000)
  region size 1024K, 153 young (156672K), 6 survivors (6144K)
 Metaspace       used 68130K, committed 68736K, reserved 278528K
  class space    used 9182K, committed 9472K, reserved 212992K
}
Event: 140.695 GC heap after
{Heap after GC invocations=18 (full 0):
 garbage-first heap   total 262144K, used 59899K [0x00000000e0000000, 0x0000000100000000)
  region size 1024K, 16 young (16384K), 16 survivors (16384K)
 Metaspace       used 68130K, committed 68736K, reserved 278528K
  class space    used 9182K, committed 9472K, reserved 212992K
}
Event: 145.515 GC heap before
{Heap before GC invocations=19 (full 0):
 garbage-first heap   total 262144K, used 199163K [0x00000000e0000000, 0x0000000100000000)
  region size 1024K, 153 young (156672K), 16 survivors (16384K)
 Metaspace       used 68132K, committed 68736K, reserved 278528K
  class space    used 9182K, committed 9472K, reserved 212992K
}
Event: 145.547 GC heap after
{Heap after GC invocations=20 (full 0):
 garbage-first heap   total 262144K, used 59795K [0x00000000e0000000, 0x0000000100000000)
  region size 1024K, 6 young (6144K), 6 survivors (6144K)
 Metaspace       used 68132K, committed 68736K, reserved 278528K
  class space    used 9182K, committed 9472K, reserved 212992K
}
Event: 151.958 GC heap before
{Heap before GC invocations=20 (full 0):
 garbage-first heap   total 262144K, used 209299K [0x00000000e0000000, 0x0000000100000000)
  region size 1024K, 153 young (156672K), 6 survivors (6144K)
 Metaspace       used 68133K, committed 68736K, reserved 278528K
  class space    used 9183K, committed 9472K, reserved 212992K
}
Event: 151.974 GC heap after
{Heap after GC invocations=21 (full 0):
 garbage-first heap   total 262144K, used 62663K [0x00000000e0000000, 0x0000000100000000)
  region size 1024K, 9 young (9216K), 9 survivors (9216K)
 Metaspace       used 68133K, committed 68736K, reserved 278528K
  class space    used 9183K, committed 9472K, reserved 212992K
}
Event: 155.584 GC heap before
{Heap before GC invocations=21 (full 0):
 garbage-first heap   total 262144K, used 209095K [0x00000000e0000000, 0x0000000100000000)
  region size 1024K, 153 young (156672K), 9 survivors (9216K)
 Metaspace       used 68148K, committed 68736K, reserved 278528K
  class space    used 9184K, committed 9472K, reserved 212992K
}
Event: 155.607 GC heap after
{Heap after GC invocations=22 (full 0):
 garbage-first heap   total 262144K, used 66832K [0x00000000e0000000, 0x0000000100000000)
  region size 1024K, 13 young (13312K), 13 survivors (13312K)
 Metaspace       used 68148K, committed 68736K, reserved 278528K
  class space    used 9184K, committed 9472K, reserved 212992K
}
Event: 159.056 GC heap before
{Heap before GC invocations=22 (full 0):
 garbage-first heap   total 262144K, used 209168K [0x00000000e0000000, 0x0000000100000000)
  region size 1024K, 153 young (156672K), 13 survivors (13312K)
 Metaspace       used 68150K, committed 68736K, reserved 278528K
  class space    used 9184K, committed 9472K, reserved 212992K
}
Event: 159.112 GC heap after
{Heap after GC invocations=23 (full 0):
 garbage-first heap   total 262144K, used 69772K [0x00000000e0000000, 0x0000000100000000)
  region size 1024K, 13 young (13312K), 13 survivors (13312K)
 Metaspace       used 68150K, committed 68736K, reserved 278528K
  class space    used 9184K, committed 9472K, reserved 212992K
}
Event: 162.818 GC heap before
{Heap before GC invocations=23 (full 0):
 garbage-first heap   total 262144K, used 212108K [0x00000000e0000000, 0x0000000100000000)
  region size 1024K, 153 young (156672K), 13 survivors (13312K)
 Metaspace       used 68151K, committed 68736K, reserved 278528K
  class space    used 9184K, committed 9472K, reserved 212992K
}
Event: 162.854 GC heap after
{Heap after GC invocations=24 (full 0):
 garbage-first heap   total 262144K, used 72226K [0x00000000e0000000, 0x0000000100000000)
  region size 1024K, 12 young (12288K), 12 survivors (12288K)
 Metaspace       used 68151K, committed 68736K, reserved 278528K
  class space    used 9184K, committed 9472K, reserved 212992K
}
Event: 165.720 GC heap before
{Heap before GC invocations=24 (full 0):
 garbage-first heap   total 262144K, used 215586K [0x00000000e0000000, 0x0000000100000000)
  region size 1024K, 153 young (156672K), 12 survivors (12288K)
 Metaspace       used 68175K, committed 68800K, reserved 278528K
  class space    used 9184K, committed 9472K, reserved 212992K
}
Event: 165.820 GC heap after
{Heap after GC invocations=25 (full 0):
 garbage-first heap   total 262144K, used 76033K [0x00000000e0000000, 0x0000000100000000)
  region size 1024K, 12 young (12288K), 12 survivors (12288K)
 Metaspace       used 68175K, committed 68800K, reserved 278528K
  class space    used 9184K, committed 9472K, reserved 212992K
}

Deoptimization events (20 events):
Event: 196.316 Thread 0x0000016450e56ee0 Uncommon trap: trap_request=0xffffffc6 fr.pc=0x000001644120ff30 relative=0x0000000000000990
Event: 196.316 Thread 0x0000016450e56ee0 Uncommon trap: reason=bimorphic_or_optimized_type_check action=maybe_recompile pc=0x000001644120ff30 method=java.io.BufferedInputStream.read1([BII)I @ 39 c2
Event: 196.316 Thread 0x0000016450e56ee0 DEOPT PACKING pc=0x000001644120ff30 sp=0x000000312c9ff230
Event: 196.316 Thread 0x0000016450e56ee0 DEOPT UNPACKING pc=0x00000164394f23a3 sp=0x000000312c9ff148 mode 2
Event: 196.319 Thread 0x0000016450e56ee0 Uncommon trap: trap_request=0xffffffde fr.pc=0x00000164411224e8 relative=0x00000000000001a8
Event: 196.319 Thread 0x0000016450e56ee0 Uncommon trap: reason=class_check action=maybe_recompile pc=0x00000164411224e8 method=java.io.BufferedInputStream.read1([BII)I @ 39 c2
Event: 196.319 Thread 0x0000016450e56ee0 DEOPT PACKING pc=0x00000164411224e8 sp=0x000000312c9ff190
Event: 196.320 Thread 0x0000016450e56ee0 DEOPT UNPACKING pc=0x00000164394f23a3 sp=0x000000312c9ff138 mode 2
Event: 452.850 Thread 0x0000016450e56ee0 Uncommon trap: trap_request=0xffffff45 fr.pc=0x000001644104f968 relative=0x0000000000000368
Event: 452.855 Thread 0x0000016450e56ee0 Uncommon trap: reason=unstable_if action=reinterpret pc=0x000001644104f968 method=java.lang.StringCoding.implEncodeAsciiArray([CI[BII)I @ 23 c2
Event: 452.857 Thread 0x0000016450e56ee0 DEOPT PACKING pc=0x000001644104f968 sp=0x000000312c9fdb50
Event: 452.875 Thread 0x0000016450e56ee0 DEOPT UNPACKING pc=0x00000164394f23a3 sp=0x000000312c9fdad0 mode 2
Event: 453.429 Thread 0x000001644d4940d0 Uncommon trap: trap_request=0xffffff45 fr.pc=0x00000164415a0138 relative=0x0000000000000258
Event: 453.434 Thread 0x000001644d4940d0 Uncommon trap: reason=unstable_if action=reinterpret pc=0x00000164415a0138 method=com.esotericsoftware.kryo.io.Output.writeString(Ljava/lang/CharSequence;)V @ 83 c2
Event: 453.434 Thread 0x000001644d4940d0 DEOPT PACKING pc=0x00000164415a0138 sp=0x0000003127dfecf0
Event: 453.435 Thread 0x000001644d4940d0 DEOPT UNPACKING pc=0x00000164394f23a3 sp=0x0000003127dfec28 mode 2
Event: 483.880 Thread 0x000001644d4940d0 Uncommon trap: trap_request=0xffffff45 fr.pc=0x000001644153cbb4 relative=0x0000000000000254
Event: 483.880 Thread 0x000001644d4940d0 Uncommon trap: reason=unstable_if action=reinterpret pc=0x000001644153cbb4 method=com.esotericsoftware.kryo.io.Output.writeString(Ljava/lang/CharSequence;)V @ 83 c2
Event: 483.880 Thread 0x000001644d4940d0 DEOPT PACKING pc=0x000001644153cbb4 sp=0x0000003127dfec90
Event: 483.881 Thread 0x000001644d4940d0 DEOPT UNPACKING pc=0x00000164394f23a3 sp=0x0000003127dfec30 mode 2

Classes unloaded (0 events):
No events

Classes redefined (0 events):
No events

Internal exceptions (20 events):
Event: 132.337 Thread 0x000001644dbc83f0 Exception <a 'sun/nio/fs/WindowsException'{0x00000000ec6c50b8}> (0x00000000ec6c50b8) 
thrown [s\src\hotspot\share\prims\jni.cpp, line 516]
Event: 132.337 Thread 0x000001644dbc83f0 Exception <a 'sun/nio/fs/WindowsException'{0x00000000ec6c5378}> (0x00000000ec6c5378) 
thrown [s\src\hotspot\share\prims\jni.cpp, line 516]
Event: 132.343 Thread 0x000001644dbc83f0 Exception <a 'sun/nio/fs/WindowsException'{0x00000000ec6c7538}> (0x00000000ec6c7538) 
thrown [s\src\hotspot\share\prims\jni.cpp, line 516]
Event: 132.343 Thread 0x000001644dbc83f0 Exception <a 'sun/nio/fs/WindowsException'{0x00000000ec6c77d8}> (0x00000000ec6c77d8) 
thrown [s\src\hotspot\share\prims\jni.cpp, line 516]
Event: 132.344 Thread 0x000001644dbc83f0 Exception <a 'sun/nio/fs/WindowsException'{0x00000000ec6c9990}> (0x00000000ec6c9990) 
thrown [s\src\hotspot\share\prims\jni.cpp, line 516]
Event: 145.220 Thread 0x000001644dbc83f0 Implicit null exception at 0x000001644157fe70 to 0x000001644157febc
Event: 145.238 Thread 0x0000016450e54150 Implicit null exception at 0x000001644157452c to 0x0000016441574578
Event: 155.701 Thread 0x0000016450e55fb0 Implicit null exception at 0x0000016441582e2b to 0x0000016441586018
Event: 168.368 Thread 0x000001644d492c90 Exception <a 'java/lang/NoSuchMethodError'{0x00000000ec312de0}: static Lorg/gradle/internal/build/event/types/DefaultTaskFinishedProgressEvent;.<clinit>()V> (0x00000000ec312de0) 
thrown [s\src\hotspot\share\prims\jni.cpp, line 1107]
Event: 168.387 Thread 0x000001644d492c90 Exception <a 'java/lang/NoSuchMethodError'{0x00000000ec33ced8}: static Lorg/gradle/internal/build/event/types/DefaultJavaCompileTaskSuccessResult;.<clinit>()V> (0x00000000ec33ced8) 
thrown [s\src\hotspot\share\prims\jni.cpp, line 1107]
Event: 168.387 Thread 0x000001644d492c90 Exception <a 'java/lang/NoSuchMethodError'{0x00000000ec33eb10}: static Lorg/gradle/internal/build/event/types/DefaultTaskSuccessResult;.<clinit>()V> (0x00000000ec33eb10) 
thrown [s\src\hotspot\share\prims\jni.cpp, line 1107]
Event: 168.387 Thread 0x000001644d492c90 Exception <a 'java/lang/NoSuchMethodError'{0x00000000ec340130}: static Lorg/gradle/internal/build/event/types/AbstractTaskResult;.<clinit>()V> (0x00000000ec340130) 
thrown [s\src\hotspot\share\prims\jni.cpp, line 1107]
Event: 168.388 Thread 0x000001644d492c90 Exception <a 'java/lang/NoSuchMethodError'{0x00000000ec341ae8}: static Lorg/gradle/internal/build/event/types/AbstractResult;.<clinit>()V> (0x00000000ec341ae8) 
thrown [s\src\hotspot\share\prims\jni.cpp, line 1107]
Event: 168.412 Thread 0x000001644d492c90 Exception <a 'java/lang/NoSuchMethodError'{0x00000000ec366098}: static [Ljava/lang/Object;.<clinit>()V> (0x00000000ec366098) 
thrown [s\src\hotspot\share\prims\jni.cpp, line 1107]
Event: 168.420 Thread 0x000001644d492c90 Exception <a 'java/lang/NoSuchMethodError'{0x00000000ec38c9e0}: static Lorg/gradle/internal/build/event/types/DefaultAnnotationProcessorResult;.<clinit>()V> (0x00000000ec38c9e0) 
thrown [s\src\hotspot\share\prims\jni.cpp, line 1107]
Event: 169.575 Thread 0x000001644dbc9830 Exception <a 'java/lang/NoSuchMethodError'{0x00000000ebef5e20}: 'void java.lang.invoke.DirectMethodHandle$Holder.invokeInterface(java.lang.Object, java.lang.Object, java.lang.Object, java.lang.Object)'> (0x00000000ebef5e20) 
thrown [s\src\hotspot\share\interpreter\linkResolver.cpp, line 759]
Event: 190.168 Thread 0x0000016450e54b70 Exception <a 'java/lang/NoSuchMethodError'{0x00000000ebdd8a98}: 'void java.lang.invoke.DirectMethodHandle$Holder.invokeStatic(java.lang.Object, long)'> (0x00000000ebdd8a98) 
thrown [s\src\hotspot\share\interpreter\linkResolver.cpp, line 759]
Event: 190.174 Thread 0x0000016450e54b70 Exception <a 'java/lang/NoSuchMethodError'{0x00000000ebdddd08}: 'java.lang.Object java.lang.invoke.DirectMethodHandle$Holder.newInvokeSpecial(java.lang.Object, long)'> (0x00000000ebdddd08) 
thrown [s\src\hotspot\share\interpreter\linkResolver.cpp, line 759]
Event: 190.190 Thread 0x0000016450e54b70 Exception <a 'java/lang/NoSuchMethodError'{0x00000000ebde47f0}: 'java.lang.Object java.lang.invoke.DirectMethodHandle$Holder.invokeStatic(java.lang.Object, java.lang.Object, long, java.lang.Object)'> (0x00000000ebde47f0) 
thrown [s\src\hotspot\share\interpreter\linkResolver.cpp, line 759]
Event: 190.192 Thread 0x0000016450e54b70 Exception <a 'java/lang/NoSuchMethodError'{0x00000000ebde8240}: 'java.lang.Object java.lang.invoke.DirectMethodHandle$Holder.invokeStaticInit(java.lang.Object, java.lang.Object, long, java.lang.Object)'> (0x00000000ebde8240) 
thrown [s\src\hotspot\share\interpreter\linkResolver.cpp, line 759]

VM Operations (20 events):
Event: 452.950 Executing VM operation: Cleanup
Event: 452.966 Executing VM operation: Cleanup done
Event: 485.188 Executing VM operation: Cleanup
Event: 485.188 Executing VM operation: Cleanup done
Event: 623.210 Executing VM operation: Cleanup
Event: 623.221 Executing VM operation: Cleanup done
Event: 702.898 Executing VM operation: Cleanup
Event: 702.910 Executing VM operation: Cleanup done
Event: 707.933 Executing VM operation: Cleanup
Event: 707.934 Executing VM operation: Cleanup done
Event: 752.283 Executing VM operation: Cleanup
Event: 752.292 Executing VM operation: Cleanup done
Event: 782.547 Executing VM operation: Cleanup
Event: 782.547 Executing VM operation: Cleanup done
Event: 825.929 Executing VM operation: Cleanup
Event: 825.929 Executing VM operation: Cleanup done
Event: 1095.465 Executing VM operation: Cleanup
Event: 1712.643 Executing VM operation: Cleanup done
Event: 1713.654 Executing VM operation: Cleanup
Event: 1761.018 Executing VM operation: Cleanup done

Events (20 events):
Event: 169.660 loading class java/util/stream/ReduceOps$2 done
Event: 169.660 loading class java/util/stream/ReduceOps$2ReducingSink
Event: 169.662 loading class java/util/stream/ReduceOps$2ReducingSink done
Event: 169.761 Thread 0x0000016450e54b70 Thread added: 0x0000016450e54b70
Event: 169.812 loading class java/lang/ProcessImpl
Event: 169.817 loading class java/lang/ProcessImpl done
Event: 190.178 loading class java/lang/ProcessHandleImpl
Event: 190.185 loading class java/lang/ProcessHandleImpl done
Event: 190.196 loading class java/lang/ProcessImpl$2
Event: 190.198 loading class java/lang/ProcessImpl$2 done
Event: 190.200 loading class java/lang/Process$PipeInputStream
Event: 190.202 loading class java/lang/Process$PipeInputStream done
Event: 190.209 loading class jdk/internal/event/ProcessStartEvent
Event: 190.213 loading class jdk/internal/event/ProcessStartEvent done
Event: 190.296 Thread 0x0000016450e55080 Thread added: 0x0000016450e55080
Event: 190.313 Thread 0x0000016450e55590 Thread added: 0x0000016450e55590
Event: 190.377 Thread 0x0000016450e55aa0 Thread added: 0x0000016450e55aa0
Event: 190.409 Thread 0x0000016450e56ee0 Thread added: 0x0000016450e56ee0
Event: 196.490 Thread 0x000001644bc92c10 flushing nmethod 0x000001643a722610
Event: 196.514 Thread 0x000001644bc92c10 flushing nmethod 0x000001643aaf7510


Dynamic libraries:
0x00007ff70b940000 - 0x00007ff70b94e000 	C:\Users\carol\.jdks\azul-17.0.4.1\bin\java.exe
0x00007ff9914d0000 - 0x00007ff9916c8000 	C:\WINDOWS\SYSTEM32\ntdll.dll
0x00007ff988430000 - 0x00007ff988447000 	C:\Program Files\Avast Software\Avast\aswhook.dll
0x00007ff991240000 - 0x00007ff9912fd000 	C:\WINDOWS\System32\KERNEL32.DLL
0x00007ff98ecf0000 - 0x00007ff98efbe000 	C:\WINDOWS\System32\KERNELBASE.dll
0x00007ff98ebf0000 - 0x00007ff98ecf0000 	C:\WINDOWS\System32\ucrtbase.dll
0x00007ff98a510000 - 0x00007ff98a52b000 	C:\Users\carol\.jdks\azul-17.0.4.1\bin\VCRUNTIME140.dll
0x00007ff9871f0000 - 0x00007ff987208000 	C:\Users\carol\.jdks\azul-17.0.4.1\bin\jli.dll
0x00007ff9906d0000 - 0x00007ff990870000 	C:\WINDOWS\System32\USER32.dll
0x00007ff98efc0000 - 0x00007ff98efe2000 	C:\WINDOWS\System32\win32u.dll
0x00007ff991390000 - 0x00007ff9913ba000 	C:\WINDOWS\System32\GDI32.dll
0x00007ff97edb0000 - 0x00007ff97f04a000 	C:\WINDOWS\WinSxS\amd64_microsoft.windows.common-controls_6595b64144ccf1df_6.0.19041.1110_none_60b5254171f9507e\COMCTL32.dll
0x00007ff98f340000 - 0x00007ff98f44b000 	C:\WINDOWS\System32\gdi32full.dll
0x00007ff98f020000 - 0x00007ff98f0bd000 	C:\WINDOWS\System32\msvcp_win.dll
0x00007ff990030000 - 0x00007ff9900ce000 	C:\WINDOWS\System32\msvcrt.dll
0x00007ff990970000 - 0x00007ff9909a0000 	C:\WINDOWS\System32\IMM32.DLL
0x00007ff98c040000 - 0x00007ff98c04c000 	C:\Users\carol\.jdks\azul-17.0.4.1\bin\vcruntime140_1.dll
0x00007ff9810c0000 - 0x00007ff98114d000 	C:\Users\carol\.jdks\azul-17.0.4.1\bin\msvcp140.dll
0x00007ff937630000 - 0x00007ff938293000 	C:\Users\carol\.jdks\azul-17.0.4.1\bin\server\jvm.dll
0x00007ff98ff80000 - 0x00007ff99002e000 	C:\WINDOWS\System32\ADVAPI32.dll
0x00007ff990e20000 - 0x00007ff990ebc000 	C:\WINDOWS\System32\sechost.dll
0x00007ff98fdd0000 - 0x00007ff98fef5000 	C:\WINDOWS\System32\RPCRT4.dll
0x00007ff990e10000 - 0x00007ff990e18000 	C:\WINDOWS\System32\PSAPI.DLL
0x00007ff98d360000 - 0x00007ff98d369000 	C:\WINDOWS\SYSTEM32\WSOCK32.dll
0x00007ff990900000 - 0x00007ff99096b000 	C:\WINDOWS\System32\WS2_32.dll
0x00007ff97cb60000 - 0x00007ff97cb87000 	C:\WINDOWS\SYSTEM32\WINMM.dll
0x00007ff984f00000 - 0x00007ff984f0a000 	C:\WINDOWS\SYSTEM32\VERSION.dll
0x00007ff98d470000 - 0x00007ff98d482000 	C:\WINDOWS\SYSTEM32\kernel.appcore.dll
0x00007ff9871e0000 - 0x00007ff9871ea000 	C:\Users\carol\.jdks\azul-17.0.4.1\bin\jimage.dll
0x00007ff98d150000 - 0x00007ff98d334000 	C:\WINDOWS\SYSTEM32\DBGHELP.DLL
0x00007ff983eb0000 - 0x00007ff983edc000 	C:\WINDOWS\SYSTEM32\dbgcore.DLL
0x00007ff98f4a0000 - 0x00007ff98f522000 	C:\WINDOWS\System32\bcryptPrimitives.dll
0x00007ff981330000 - 0x00007ff981355000 	C:\Users\carol\.jdks\azul-17.0.4.1\bin\java.dll
0x00007ff96b330000 - 0x00007ff96b407000 	C:\Users\carol\.jdks\azul-17.0.4.1\bin\jsvml.dll
0x00007ff98f620000 - 0x00007ff98fd63000 	C:\WINDOWS\System32\SHELL32.dll
0x00007ff98c8e0000 - 0x00007ff98d075000 	C:\WINDOWS\SYSTEM32\windows.storage.dll
0x00007ff9901e0000 - 0x00007ff990534000 	C:\WINDOWS\System32\combase.dll
0x00007ff98e580000 - 0x00007ff98e5b0000 	C:\WINDOWS\SYSTEM32\Wldp.dll
0x00007ff990ec0000 - 0x00007ff990f6d000 	C:\WINDOWS\System32\SHCORE.dll
0x00007ff98ff00000 - 0x00007ff98ff55000 	C:\WINDOWS\System32\shlwapi.dll
0x00007ff98eb30000 - 0x00007ff98eb4f000 	C:\WINDOWS\SYSTEM32\profapi.dll
0x00007ff9874b0000 - 0x00007ff9874c9000 	C:\Users\carol\.jdks\azul-17.0.4.1\bin\net.dll
0x00007ff97e7c0000 - 0x00007ff97e8ca000 	C:\WINDOWS\SYSTEM32\WINHTTP.dll
0x00007ff98e2e0000 - 0x00007ff98e34a000 	C:\WINDOWS\system32\mswsock.dll
0x00007ff987490000 - 0x00007ff9874a6000 	C:\Users\carol\.jdks\azul-17.0.4.1\bin\nio.dll
0x00007ff987470000 - 0x00007ff987488000 	C:\Users\carol\.jdks\azul-17.0.4.1\bin\zip.dll
0x00007ff9871d0000 - 0x00007ff9871e0000 	C:\Users\carol\.jdks\azul-17.0.4.1\bin\verify.dll
0x00007ff97fb60000 - 0x00007ff97fb87000 	C:\Users\carol\.gradle\native\e1d6ef7f7dcc3fd88c89a11ec53ec762bb8ba0a96d01ffa2cd45eb1d1d8dd5c5\windows-amd64\native-platform.dll
0x00007ff9578f0000 - 0x00007ff957a34000 	C:\Users\carol\.gradle\native\0d407fdbe67a94daf76414ababcb853783967236a71b16ec16e742cd7a986fd3\windows-amd64\native-platform-file-events.dll
0x00007ff985e70000 - 0x00007ff985e79000 	C:\Users\carol\.jdks\azul-17.0.4.1\bin\management.dll
0x00007ff985e60000 - 0x00007ff985e6b000 	C:\Users\carol\.jdks\azul-17.0.4.1\bin\management_ext.dll
0x00007ff98e4d0000 - 0x00007ff98e4e8000 	C:\WINDOWS\SYSTEM32\CRYPTSP.dll
0x00007ff98dc60000 - 0x00007ff98dc94000 	C:\WINDOWS\system32\rsaenh.dll
0x00007ff98eff0000 - 0x00007ff98f017000 	C:\WINDOWS\System32\bcrypt.dll
0x00007ff98eaf0000 - 0x00007ff98eb1e000 	C:\WINDOWS\SYSTEM32\USERENV.dll
0x00007ff98e4f0000 - 0x00007ff98e4fc000 	C:\WINDOWS\SYSTEM32\CRYPTBASE.dll
0x00007ff98dfd0000 - 0x00007ff98e00b000 	C:\WINDOWS\SYSTEM32\IPHLPAPI.DLL
0x00007ff98f610000 - 0x00007ff98f618000 	C:\WINDOWS\System32\NSI.dll
0x00007ff981c20000 - 0x00007ff981c37000 	C:\WINDOWS\SYSTEM32\dhcpcsvc6.DLL
0x00007ff981d10000 - 0x00007ff981d2d000 	C:\WINDOWS\SYSTEM32\dhcpcsvc.DLL
0x00007ff98e010000 - 0x00007ff98e0da000 	C:\WINDOWS\SYSTEM32\DNSAPI.dll
0x00007ff9824f0000 - 0x00007ff9824fd000 	C:\Users\carol\.jdks\azul-17.0.4.1\bin\sunmscapi.dll
0x00007ff98f0c0000 - 0x00007ff98f216000 	C:\WINDOWS\System32\CRYPT32.dll
0x00007ff98e5f0000 - 0x00007ff98e617000 	C:\WINDOWS\SYSTEM32\ncrypt.dll
0x00007ff98e5b0000 - 0x00007ff98e5eb000 	C:\WINDOWS\SYSTEM32\NTASN1.dll
0x00007ff986130000 - 0x00007ff986137000 	C:\WINDOWS\system32\wshunix.dll
0x00007ff984f50000 - 0x00007ff984f5a000 	C:\Windows\System32\rasadhlp.dll
0x00007ff97c120000 - 0x00007ff97c1a0000 	C:\WINDOWS\System32\fwpuclnt.dll

dbghelp: loaded successfully - version: 4.0.5 - missing functions: none
symbol engine: initialized successfully - sym options: 0x614 - pdb path: .;C:\Users\carol\.jdks\azul-17.0.4.1\bin;C:\WINDOWS\SYSTEM32;C:\Program Files\Avast Software\Avast;C:\WINDOWS\WinSxS\amd64_microsoft.windows.common-controls_6595b64144ccf1df_6.0.19041.1110_none_60b5254171f9507e;C:\Users\carol\.jdks\azul-17.0.4.1\bin\server;C:\Users\carol\.gradle\native\e1d6ef7f7dcc3fd88c89a11ec53ec762bb8ba0a96d01ffa2cd45eb1d1d8dd5c5\windows-amd64;C:\Users\carol\.gradle\native\0d407fdbe67a94daf76414ababcb853783967236a71b16ec16e742cd7a986fd3\windows-amd64

VM Arguments:
jvm_args: --add-opens=java.base/java.util=ALL-UNNAMED --add-opens=java.base/java.lang=ALL-UNNAMED --add-opens=java.base/java.lang.invoke=ALL-UNNAMED --add-opens=java.base/java.util=ALL-UNNAMED --add-opens=java.prefs/java.util.prefs=ALL-UNNAMED --add-opens=java.prefs/java.util.prefs=ALL-UNNAMED --add-opens=java.base/java.nio.charset=ALL-UNNAMED --add-opens=java.base/java.net=ALL-UNNAMED --add-opens=java.base/java.util.concurrent.atomic=ALL-UNNAMED -XX:MaxMetaspaceSize=256m -XX:+HeapDumpOnOutOfMemoryError -Xms256m -Xmx512m -Dfile.encoding=windows-1252 -Duser.country=BR -Duser.language=pt -Duser.variant 
java_command: org.gradle.launcher.daemon.bootstrap.GradleDaemon 7.5
java_class_path (initial): C:\Users\carol\.gradle\wrapper\dists\gradle-7.5-bin\f1w0cc9nuo0eivz97x2xlu9sv\gradle-7.5\lib\gradle-launcher-7.5.jar
Launcher Type: SUN_STANDARD

[Global flags]
     intx CICompilerCount                          = 3                                         {product} {ergonomic}
   size_t CompressedClassSpaceSize                 = 218103808                                 {product} {ergonomic}
     uint ConcGCThreads                            = 1                                         {product} {ergonomic}
     uint G1ConcRefinementThreads                  = 4                                         {product} {ergonomic}
   size_t G1HeapRegionSize                         = 1048576                                   {product} {ergonomic}
    uintx GCDrainStackTargetSize                   = 64                                        {product} {ergonomic}
     bool HeapDumpOnOutOfMemoryError               = true                                   {manageable} {command line}
   size_t InitialHeapSize                          = 268435456                                 {product} {command line}
   size_t MarkStackSize                            = 4194304                                   {product} {ergonomic}
   size_t MaxHeapSize                              = 536870912                                 {product} {command line}
   size_t MaxMetaspaceSize                         = 268435456                                 {product} {command line}
   size_t MaxNewSize                               = 321912832                                 {product} {ergonomic}
   size_t MinHeapDeltaBytes                        = 1048576                                   {product} {ergonomic}
   size_t MinHeapSize                              = 268435456                                 {product} {command line}
    uintx NonNMethodCodeHeapSize                   = 5832780                                {pd product} {ergonomic}
    uintx NonProfiledCodeHeapSize                  = 122912730                              {pd product} {ergonomic}
    uintx ProfiledCodeHeapSize                     = 122912730                              {pd product} {ergonomic}
    uintx ReservedCodeCacheSize                    = 251658240                              {pd product} {ergonomic}
     bool SegmentedCodeCache                       = true                                      {product} {ergonomic}
   size_t SoftMaxHeapSize                          = 536870912                              {manageable} {ergonomic}
     bool UseCompressedClassPointers               = true                           {product lp64_product} {ergonomic}
     bool UseCompressedOops                        = true                           {product lp64_product} {ergonomic}
     bool UseG1GC                                  = true                                      {product} {ergonomic}
     bool UseLargePagesIndividualAllocation        = false                                  {pd product} {ergonomic}

Logging:
Log output configuration:
 #0: stdout all=warning uptime,level,tags
 #1: stderr all=off uptime,level,tags

Environment Variables:
PATH=C:\Program Files\Common Files\Oracle\Java\javapath;C:\WINDOWS\system32;C:\WINDOWS;C:\WINDOWS\System32\Wbem;C:\WINDOWS\System32\WindowsPowerShell\v1.0\;C:\WINDOWS\System32\OpenSSH\;C:\Program Files\Intel\WiFi\bin\;C:\Program Files\Common Files\Intel\WirelessCommon\;C:\Program Files\nodejs\;C:\Users\carol\AppData\Local\Microsoft\WindowsApps;C:\Users\carol\AppData\Local\Programs\Microsoft VS Code\bin;C:\Users\carol\AppData\Local\Programs\Git\cmd;C:\Users\carol\AppData\Roaming\npm;C:\Users\carol\AppData\Local\GitHubDesktop\bin
USERNAME=carol
OS=Windows_NT
PROCESSOR_IDENTIFIER=Intel64 Family 6 Model 61 Stepping 4, GenuineIntel
TMP=C:\Users\carol\AppData\Local\Temp
TEMP=C:\Users\carol\AppData\Local\Temp



---------------  S Y S T E M  ---------------

OS:
 Windows 10 , 64 bit Build 19041 (10.0.19041.1889)
OS uptime: 13 days 5:29 hours

CPU: total 4 (initial active 4) (2 cores per cpu, 2 threads per core) family 6 model 61 stepping 4 microcode 0x2e, cx8, cmov, fxsr, ht, mmx, 3dnowpref, sse, sse2, sse3, ssse3, sse4.1, sse4.2, popcnt, lzcnt, tsc, tscinvbit, avx, avx2, aes, erms, clmul, bmi1, bmi2, adx, fma, vzeroupper, clflush

Memory: 4k page, system-wide physical 4011M (72M free)
TotalPageFile size 16299M (AvailPageFile size 0M)
current process WorkingSet (physical memory assigned to process): 39M, peak: 364M
current process commit charge ("private bytes"): 499M, peak: 512M

vm_info: OpenJDK 64-Bit Server VM (17.0.4.1+1-LTS) for windows-amd64 JRE (17.0.4.1+1-LTS) (Zulu17.36+17-CA), built on Aug 16 2022 10:52:26 by "zulu_re" with MS VC++ 16.10 / 16.11 (VS2019)

END.
